2019-11-12 09:59:25.454 [restartedMain] INFO  big.ac.cn.web.WebApplication - Starting WebApplication on DESKTOP-2IIOMS8 with PID 4640 (D:\bigd-github\web\target\classes started by yuanna in D:\bigd-github\web)
2019-11-12 09:59:25.457 [restartedMain] INFO  big.ac.cn.web.WebApplication - No active profile set, falling back to default profiles: default
2019-11-12 09:59:25.607 [restartedMain] INFO  o.s.b.c.e.AnnotationConfigEmbeddedWebApplicationContext - Refreshing org.springframework.boot.context.embedded.AnnotationConfigEmbeddedWebApplicationContext@30d541eb: startup date [Tue Nov 12 09:59:25 CST 2019]; root of context hierarchy
2019-11-12 09:59:25.841 [background-preinit] INFO  org.hibernate.validator.internal.util.Version - HV000001: Hibernate Validator 5.3.6.Final
2019-11-12 09:59:35.968 [restartedMain] INFO  o.s.b.c.e.tomcat.TomcatEmbeddedServletContainer - Tomcat initialized with port(s): 9800 (http)
2019-11-12 09:59:35.979 [restartedMain] INFO  org.apache.catalina.core.StandardService - Starting service [Tomcat]
2019-11-12 09:59:35.980 [restartedMain] INFO  org.apache.catalina.core.StandardEngine - Starting Servlet Engine: Apache Tomcat/8.5.23
2019-11-12 09:59:36.276 [localhost-startStop-1] INFO  org.apache.jasper.servlet.TldScanner - At least one JAR was scanned for TLDs yet contained no TLDs. Enable debug logging for this logger for a complete list of JARs that were scanned but no TLDs were found in them. Skipping unneeded JARs during scanning can improve startup time and JSP compilation time.
2019-11-12 09:59:36.284 [localhost-startStop-1] INFO  o.a.c.core.ContainerBase.[Tomcat].[localhost].[/] - Initializing Spring embedded WebApplicationContext
2019-11-12 09:59:36.284 [localhost-startStop-1] INFO  org.springframework.web.context.ContextLoader - Root WebApplicationContext: initialization completed in 10677 ms
2019-11-12 09:59:36.467 [localhost-startStop-1] INFO  o.s.boot.web.servlet.ServletRegistrationBean - Mapping servlet: 'dispatcherServlet' to [/]
2019-11-12 09:59:36.470 [localhost-startStop-1] INFO  o.s.boot.web.servlet.FilterRegistrationBean - Mapping filter: 'characterEncodingFilter' to: [/*]
2019-11-12 09:59:36.471 [localhost-startStop-1] INFO  o.s.boot.web.servlet.FilterRegistrationBean - Mapping filter: 'hiddenHttpMethodFilter' to: [/*]
2019-11-12 09:59:36.471 [localhost-startStop-1] INFO  o.s.boot.web.servlet.FilterRegistrationBean - Mapping filter: 'httpPutFormContentFilter' to: [/*]
2019-11-12 09:59:36.471 [localhost-startStop-1] INFO  o.s.boot.web.servlet.FilterRegistrationBean - Mapping filter: 'requestContextFilter' to: [/*]
2019-11-12 09:59:39.759 [restartedMain] INFO  o.s.w.s.m.m.a.RequestMappingHandlerAdapter - Looking for @ControllerAdvice: org.springframework.boot.context.embedded.AnnotationConfigEmbeddedWebApplicationContext@30d541eb: startup date [Tue Nov 12 09:59:25 CST 2019]; root of context hierarchy
2019-11-12 09:59:39.945 [restartedMain] INFO  o.s.w.s.m.m.a.RequestMappingHandlerMapping - Mapped "{[/cgwas]}" onto public java.lang.String big.ac.cn.web.controller.IndexController.help(org.springframework.ui.Model)
2019-11-12 09:59:39.946 [restartedMain] INFO  o.s.w.s.m.m.a.RequestMappingHandlerMapping - Mapped "{[/]}" onto public java.lang.String big.ac.cn.web.controller.IndexController.index()
2019-11-12 09:59:39.946 [restartedMain] INFO  o.s.w.s.m.m.a.RequestMappingHandlerMapping - Mapped "{[/test]}" onto public java.lang.String big.ac.cn.web.controller.IndexController.test(org.springframework.ui.Model)
2019-11-12 09:59:39.946 [restartedMain] INFO  o.s.w.s.m.m.a.RequestMappingHandlerMapping - Mapped "{[/results]}" onto public java.lang.String big.ac.cn.web.controller.IndexController.output(org.springframework.ui.Model,java.lang.String)
2019-11-12 09:59:39.947 [restartedMain] INFO  o.s.w.s.m.m.a.RequestMappingHandlerMapping - Mapped "{[/seechrom]}" onto public java.lang.String big.ac.cn.web.controller.IndexController.download(org.springframework.ui.Model)
2019-11-12 09:59:39.947 [restartedMain] INFO  o.s.w.s.m.m.a.RequestMappingHandlerMapping - Mapped "{[/seecgwas]}" onto public java.lang.String big.ac.cn.web.controller.IndexController.cgwas(org.springframework.ui.Model)
2019-11-12 09:59:39.947 [restartedMain] INFO  o.s.w.s.m.m.a.RequestMappingHandlerMapping - Mapped "{[/documentation]}" onto public java.lang.String big.ac.cn.web.controller.IndexController.documents(org.springframework.ui.Model)
2019-11-12 09:59:39.947 [restartedMain] INFO  o.s.w.s.m.m.a.RequestMappingHandlerMapping - Mapped "{[/submit]}" onto public java.lang.String big.ac.cn.web.controller.IndexController.browse(org.springframework.ui.Model)
2019-11-12 09:59:39.947 [restartedMain] INFO  o.s.w.s.m.m.a.RequestMappingHandlerMapping - Mapped "{[/chrom]}" onto public java.lang.String big.ac.cn.web.controller.IndexController.chr(org.springframework.ui.Model)
2019-11-12 09:59:39.948 [restartedMain] INFO  o.s.w.s.m.m.a.RequestMappingHandlerMapping - Mapped "{[/run]}" onto public java.lang.String big.ac.cn.web.controller.UploadController.upload(org.springframework.ui.ModelMap,org.springframework.web.multipart.MultipartFile,java.lang.String)
2019-11-12 09:59:39.948 [restartedMain] INFO  o.s.w.s.m.m.a.RequestMappingHandlerMapping - Mapped "{[/testBean/testDemo]}" onto public java.lang.String big.ac.cn.web.TestBean.TestDemo()
2019-11-12 09:59:39.951 [restartedMain] INFO  o.s.w.s.m.m.a.RequestMappingHandlerMapping - Mapped "{[/error]}" onto public org.springframework.http.ResponseEntity<java.util.Map<java.lang.String, java.lang.Object>> org.springframework.boot.autoconfigure.web.BasicErrorController.error(javax.servlet.http.HttpServletRequest)
2019-11-12 09:59:39.951 [restartedMain] INFO  o.s.w.s.m.m.a.RequestMappingHandlerMapping - Mapped "{[/error],produces=[text/html]}" onto public org.springframework.web.servlet.ModelAndView org.springframework.boot.autoconfigure.web.BasicErrorController.errorHtml(javax.servlet.http.HttpServletRequest,javax.servlet.http.HttpServletResponse)
2019-11-12 09:59:39.972 [restartedMain] INFO  o.s.web.servlet.handler.SimpleUrlHandlerMapping - Mapped URL path [/file/**] onto handler of type [class org.springframework.web.servlet.resource.ResourceHttpRequestHandler]
2019-11-12 09:59:39.973 [restartedMain] INFO  o.s.web.servlet.handler.SimpleUrlHandlerMapping - Mapped URL path [/webjars/**] onto handler of type [class org.springframework.web.servlet.resource.ResourceHttpRequestHandler]
2019-11-12 09:59:39.973 [restartedMain] INFO  o.s.web.servlet.handler.SimpleUrlHandlerMapping - Mapped URL path [/**] onto handler of type [class org.springframework.web.servlet.resource.ResourceHttpRequestHandler]
2019-11-12 09:59:40.099 [restartedMain] INFO  o.s.web.servlet.handler.SimpleUrlHandlerMapping - Mapped URL path [/**/favicon.ico] onto handler of type [class org.springframework.web.servlet.resource.ResourceHttpRequestHandler]
2019-11-12 09:59:40.780 [restartedMain] INFO  o.s.b.d.autoconfigure.OptionalLiveReloadServer - LiveReload server is running on port 35729
2019-11-12 09:59:40.813 [restartedMain] INFO  o.s.jmx.export.annotation.AnnotationMBeanExporter - Registering beans for JMX exposure on startup
2019-11-12 09:59:40.888 [restartedMain] INFO  org.apache.coyote.http11.Http11NioProtocol - Initializing ProtocolHandler ["http-nio-9800"]
2019-11-12 09:59:40.893 [restartedMain] INFO  org.apache.coyote.http11.Http11NioProtocol - Starting ProtocolHandler ["http-nio-9800"]
2019-11-12 09:59:40.910 [restartedMain] INFO  org.apache.tomcat.util.net.NioSelectorPool - Using a shared selector for servlet write/read
2019-11-12 09:59:41.033 [restartedMain] INFO  o.s.b.c.e.tomcat.TomcatEmbeddedServletContainer - Tomcat started on port(s): 9800 (http)
2019-11-12 09:59:41.035 [restartedMain] INFO  big.ac.cn.web.WebApplication - Started WebApplication in 16.479 seconds (JVM running for 19.225)
2019-11-12 09:59:48.821 [http-nio-9800-exec-1] INFO  org.apache.tomcat.util.http.parser.Cookie - A cookie header was received [1556517082; JSESSIONID=74A033D3B39E7F48AED44D189DAC05D6] that contained an invalid cookie. That cookie will be ignored.Note: further occurrences of this error will be logged at DEBUG level.
2019-11-12 09:59:48.859 [http-nio-9800-exec-1] INFO  o.a.c.core.ContainerBase.[Tomcat].[localhost].[/] - Initializing Spring FrameworkServlet 'dispatcherServlet'
2019-11-12 09:59:48.859 [http-nio-9800-exec-1] INFO  org.springframework.web.servlet.DispatcherServlet - FrameworkServlet 'dispatcherServlet': initialization started
2019-11-12 09:59:48.870 [http-nio-9800-exec-1] INFO  org.springframework.web.servlet.DispatcherServlet - FrameworkServlet 'dispatcherServlet': initialization completed in 11 ms
