2019-12-09 09:35:03.449 [restartedMain] INFO  big.ac.cn.web.WebApplication - Starting WebApplication on DESKTOP-2IIOMS8 with PID 760 (D:\cgwas201912\web\web\target\classes started by yuanna in D:\cgwas201912\web\web)
2019-12-09 09:35:03.452 [restartedMain] INFO  big.ac.cn.web.WebApplication - No active profile set, falling back to default profiles: default
2019-12-09 09:35:03.556 [restartedMain] INFO  o.s.b.c.e.AnnotationConfigEmbeddedWebApplicationContext - Refreshing org.springframework.boot.context.embedded.AnnotationConfigEmbeddedWebApplicationContext@4076b55c: startup date [Mon Dec 09 09:35:03 CST 2019]; root of context hierarchy
2019-12-09 09:35:03.795 [background-preinit] INFO  org.hibernate.validator.internal.util.Version - HV000001: Hibernate Validator 5.3.6.Final
2019-12-09 09:35:06.022 [restartedMain] INFO  o.s.b.c.e.tomcat.TomcatEmbeddedServletContainer - Tomcat initialized with port(s): 9800 (http)
2019-12-09 09:35:06.039 [restartedMain] INFO  org.apache.catalina.core.StandardService - Starting service [Tomcat]
2019-12-09 09:35:06.039 [restartedMain] INFO  org.apache.catalina.core.StandardEngine - Starting Servlet Engine: Apache Tomcat/8.5.23
2019-12-09 09:35:06.375 [localhost-startStop-1] INFO  org.apache.jasper.servlet.TldScanner - At least one JAR was scanned for TLDs yet contained no TLDs. Enable debug logging for this logger for a complete list of JARs that were scanned but no TLDs were found in them. Skipping unneeded JARs during scanning can improve startup time and JSP compilation time.
2019-12-09 09:35:06.380 [localhost-startStop-1] INFO  o.a.c.c.C.[Tomcat].[localhost].[/cgwas] - Initializing Spring embedded WebApplicationContext
2019-12-09 09:35:06.380 [localhost-startStop-1] INFO  org.springframework.web.context.ContextLoader - Root WebApplicationContext: initialization completed in 2824 ms
2019-12-09 09:35:06.521 [localhost-startStop-1] INFO  o.s.boot.web.servlet.ServletRegistrationBean - Mapping servlet: 'dispatcherServlet' to [/]
2019-12-09 09:35:06.524 [localhost-startStop-1] INFO  o.s.boot.web.servlet.FilterRegistrationBean - Mapping filter: 'characterEncodingFilter' to: [/*]
2019-12-09 09:35:06.524 [localhost-startStop-1] INFO  o.s.boot.web.servlet.FilterRegistrationBean - Mapping filter: 'hiddenHttpMethodFilter' to: [/*]
2019-12-09 09:35:06.524 [localhost-startStop-1] INFO  o.s.boot.web.servlet.FilterRegistrationBean - Mapping filter: 'httpPutFormContentFilter' to: [/*]
2019-12-09 09:35:06.524 [localhost-startStop-1] INFO  o.s.boot.web.servlet.FilterRegistrationBean - Mapping filter: 'requestContextFilter' to: [/*]
2019-12-09 09:35:07.591 [restartedMain] INFO  o.s.w.s.m.m.a.RequestMappingHandlerAdapter - Looking for @ControllerAdvice: org.springframework.boot.context.embedded.AnnotationConfigEmbeddedWebApplicationContext@4076b55c: startup date [Mon Dec 09 09:35:03 CST 2019]; root of context hierarchy
2019-12-09 09:35:07.647 [restartedMain] INFO  o.s.w.s.m.m.a.RequestMappingHandlerMapping - Mapped "{[/gene],produces=[application/json;charset=UTF-8]}" onto public java.util.List<big.ac.cn.web.entity.Gene> big.ac.cn.web.controller.GeneController.select(java.lang.String,java.lang.String,java.lang.String)
2019-12-09 09:35:07.649 [restartedMain] INFO  o.s.w.s.m.m.a.RequestMappingHandlerMapping - Mapped "{[/cgwas]}" onto public java.lang.String big.ac.cn.web.controller.IndexController.help(org.springframework.ui.Model)
2019-12-09 09:35:07.649 [restartedMain] INFO  o.s.w.s.m.m.a.RequestMappingHandlerMapping - Mapped "{[/]}" onto public java.lang.String big.ac.cn.web.controller.IndexController.index()
2019-12-09 09:35:07.649 [restartedMain] INFO  o.s.w.s.m.m.a.RequestMappingHandlerMapping - Mapped "{[/test]}" onto public java.lang.String big.ac.cn.web.controller.IndexController.test(org.springframework.ui.Model)
2019-12-09 09:35:07.649 [restartedMain] INFO  o.s.w.s.m.m.a.RequestMappingHandlerMapping - Mapped "{[/results]}" onto public java.lang.String big.ac.cn.web.controller.IndexController.search(org.springframework.ui.Model)
2019-12-09 09:35:07.649 [restartedMain] INFO  o.s.w.s.m.m.a.RequestMappingHandlerMapping - Mapped "{[/canvas]}" onto public java.lang.String big.ac.cn.web.controller.IndexController.can(org.springframework.ui.Model)
2019-12-09 09:35:07.649 [restartedMain] INFO  o.s.w.s.m.m.a.RequestMappingHandlerMapping - Mapped "{[/svg]}" onto public java.lang.String big.ac.cn.web.controller.IndexController.svg(org.springframework.ui.Model)
2019-12-09 09:35:07.649 [restartedMain] INFO  o.s.w.s.m.m.a.RequestMappingHandlerMapping - Mapped "{[/seecgwas]}" onto public java.lang.String big.ac.cn.web.controller.IndexController.cgwas(org.springframework.ui.Model)
2019-12-09 09:35:07.650 [restartedMain] INFO  o.s.w.s.m.m.a.RequestMappingHandlerMapping - Mapped "{[/chrom]}" onto public java.lang.String big.ac.cn.web.controller.IndexController.chr(org.springframework.ui.Model)
2019-12-09 09:35:07.650 [restartedMain] INFO  o.s.w.s.m.m.a.RequestMappingHandlerMapping - Mapped "{[/seechrom]}" onto public java.lang.String big.ac.cn.web.controller.IndexController.download(org.springframework.ui.Model)
2019-12-09 09:35:07.650 [restartedMain] INFO  o.s.w.s.m.m.a.RequestMappingHandlerMapping - Mapped "{[/demoResults]}" onto public java.lang.String big.ac.cn.web.controller.IndexController.demo(org.springframework.ui.Model)
2019-12-09 09:35:07.650 [restartedMain] INFO  o.s.w.s.m.m.a.RequestMappingHandlerMapping - Mapped "{[/documentation]}" onto public java.lang.String big.ac.cn.web.controller.IndexController.documents(org.springframework.ui.Model)
2019-12-09 09:35:07.651 [restartedMain] INFO  o.s.w.s.m.m.a.RequestMappingHandlerMapping - Mapped "{[/submit]}" onto public java.lang.String big.ac.cn.web.controller.IndexController.browse(org.springframework.ui.Model)
2019-12-09 09:35:07.651 [restartedMain] INFO  o.s.w.s.m.m.a.RequestMappingHandlerMapping - Mapped "{[/variant],produces=[application/json;charset=UTF-8]}" onto public java.util.List<big.ac.cn.web.entity.VarInfo> big.ac.cn.web.controller.SearchController.select(java.lang.String,java.lang.String)
2019-12-09 09:35:07.651 [restartedMain] INFO  o.s.w.s.m.m.a.RequestMappingHandlerMapping - Mapped "{[/run]}" onto public java.lang.String big.ac.cn.web.controller.UploadController.upload(org.springframework.ui.ModelMap,org.springframework.web.multipart.MultipartFile,java.lang.String)
2019-12-09 09:35:07.654 [restartedMain] INFO  o.s.w.s.m.m.a.RequestMappingHandlerMapping - Mapped "{[/testBean/testDemo]}" onto public java.lang.String big.ac.cn.web.TestBean.TestDemo()
2019-12-09 09:35:07.656 [restartedMain] INFO  o.s.w.s.m.m.a.RequestMappingHandlerMapping - Mapped "{[/error]}" onto public org.springframework.http.ResponseEntity<java.util.Map<java.lang.String, java.lang.Object>> org.springframework.boot.autoconfigure.web.BasicErrorController.error(javax.servlet.http.HttpServletRequest)
2019-12-09 09:35:07.657 [restartedMain] INFO  o.s.w.s.m.m.a.RequestMappingHandlerMapping - Mapped "{[/error],produces=[text/html]}" onto public org.springframework.web.servlet.ModelAndView org.springframework.boot.autoconfigure.web.BasicErrorController.errorHtml(javax.servlet.http.HttpServletRequest,javax.servlet.http.HttpServletResponse)
2019-12-09 09:35:07.677 [restartedMain] INFO  o.s.web.servlet.handler.SimpleUrlHandlerMapping - Mapped URL path [/file/**] onto handler of type [class org.springframework.web.servlet.resource.ResourceHttpRequestHandler]
2019-12-09 09:35:07.677 [restartedMain] INFO  o.s.web.servlet.handler.SimpleUrlHandlerMapping - Mapped URL path [/webjars/**] onto handler of type [class org.springframework.web.servlet.resource.ResourceHttpRequestHandler]
2019-12-09 09:35:07.677 [restartedMain] INFO  o.s.web.servlet.handler.SimpleUrlHandlerMapping - Mapped URL path [/**] onto handler of type [class org.springframework.web.servlet.resource.ResourceHttpRequestHandler]
2019-12-09 09:35:07.753 [restartedMain] INFO  o.s.web.servlet.handler.SimpleUrlHandlerMapping - Mapped URL path [/**/favicon.ico] onto handler of type [class org.springframework.web.servlet.resource.ResourceHttpRequestHandler]
2019-12-09 09:35:08.099 [restartedMain] INFO  o.s.b.d.autoconfigure.OptionalLiveReloadServer - LiveReload server is running on port 35729
2019-12-09 09:35:08.133 [restartedMain] INFO  o.s.jmx.export.annotation.AnnotationMBeanExporter - Registering beans for JMX exposure on startup
2019-12-09 09:35:08.150 [restartedMain] INFO  org.apache.coyote.http11.Http11NioProtocol - Initializing ProtocolHandler ["http-nio-9800"]
2019-12-09 09:35:08.157 [restartedMain] INFO  org.apache.coyote.http11.Http11NioProtocol - Starting ProtocolHandler ["http-nio-9800"]
2019-12-09 09:35:08.172 [restartedMain] INFO  org.apache.tomcat.util.net.NioSelectorPool - Using a shared selector for servlet write/read
2019-12-09 09:35:08.248 [restartedMain] INFO  o.s.b.c.e.tomcat.TomcatEmbeddedServletContainer - Tomcat started on port(s): 9800 (http)
2019-12-09 09:35:08.252 [restartedMain] INFO  big.ac.cn.web.WebApplication - Started WebApplication in 5.705 seconds (JVM running for 7.248)
2019-12-09 09:35:28.783 [http-nio-9800-exec-3] INFO  org.apache.tomcat.util.http.parser.Cookie - A cookie header was received [1556517082] that contained an invalid cookie. That cookie will be ignored.Note: further occurrences of this error will be logged at DEBUG level.
2019-12-09 09:35:28.795 [http-nio-9800-exec-4] INFO  o.a.c.c.C.[Tomcat].[localhost].[/cgwas] - Initializing Spring FrameworkServlet 'dispatcherServlet'
2019-12-09 09:35:28.795 [http-nio-9800-exec-4] INFO  org.springframework.web.servlet.DispatcherServlet - FrameworkServlet 'dispatcherServlet': initialization started
2019-12-09 09:35:28.804 [http-nio-9800-exec-4] INFO  org.springframework.web.servlet.DispatcherServlet - FrameworkServlet 'dispatcherServlet': initialization completed in 9 ms
2019-12-09 09:40:29.767 [restartedMain] INFO  big.ac.cn.web.WebApplication - Starting WebApplication on DESKTOP-2IIOMS8 with PID 15672 (D:\cgwas201912\web\web\target\classes started by yuanna in D:\cgwas201912\web\web)
2019-12-09 09:40:29.769 [restartedMain] INFO  big.ac.cn.web.WebApplication - No active profile set, falling back to default profiles: default
2019-12-09 09:40:29.838 [restartedMain] INFO  o.s.b.c.e.AnnotationConfigEmbeddedWebApplicationContext - Refreshing org.springframework.boot.context.embedded.AnnotationConfigEmbeddedWebApplicationContext@2ebb0425: startup date [Mon Dec 09 09:40:29 CST 2019]; root of context hierarchy
2019-12-09 09:40:29.944 [background-preinit] INFO  org.hibernate.validator.internal.util.Version - HV000001: Hibernate Validator 5.3.6.Final
2019-12-09 09:40:31.099 [restartedMain] INFO  o.s.b.c.e.tomcat.TomcatEmbeddedServletContainer - Tomcat initialized with port(s): 9800 (http)
2019-12-09 09:40:31.111 [restartedMain] INFO  org.apache.catalina.core.StandardService - Starting service [Tomcat]
2019-12-09 09:40:31.112 [restartedMain] INFO  org.apache.catalina.core.StandardEngine - Starting Servlet Engine: Apache Tomcat/8.5.23
2019-12-09 09:40:31.291 [localhost-startStop-1] INFO  org.apache.jasper.servlet.TldScanner - At least one JAR was scanned for TLDs yet contained no TLDs. Enable debug logging for this logger for a complete list of JARs that were scanned but no TLDs were found in them. Skipping unneeded JARs during scanning can improve startup time and JSP compilation time.
2019-12-09 09:40:31.295 [localhost-startStop-1] INFO  o.a.c.c.C.[Tomcat].[localhost].[/cgwas] - Initializing Spring embedded WebApplicationContext
2019-12-09 09:40:31.295 [localhost-startStop-1] INFO  org.springframework.web.context.ContextLoader - Root WebApplicationContext: initialization completed in 1457 ms
2019-12-09 09:40:31.404 [localhost-startStop-1] INFO  o.s.boot.web.servlet.ServletRegistrationBean - Mapping servlet: 'dispatcherServlet' to [/]
2019-12-09 09:40:31.406 [localhost-startStop-1] INFO  o.s.boot.web.servlet.FilterRegistrationBean - Mapping filter: 'characterEncodingFilter' to: [/*]
2019-12-09 09:40:31.407 [localhost-startStop-1] INFO  o.s.boot.web.servlet.FilterRegistrationBean - Mapping filter: 'hiddenHttpMethodFilter' to: [/*]
2019-12-09 09:40:31.407 [localhost-startStop-1] INFO  o.s.boot.web.servlet.FilterRegistrationBean - Mapping filter: 'httpPutFormContentFilter' to: [/*]
2019-12-09 09:40:31.407 [localhost-startStop-1] INFO  o.s.boot.web.servlet.FilterRegistrationBean - Mapping filter: 'requestContextFilter' to: [/*]
2019-12-09 09:40:31.944 [restartedMain] INFO  o.s.w.s.m.m.a.RequestMappingHandlerAdapter - Looking for @ControllerAdvice: org.springframework.boot.context.embedded.AnnotationConfigEmbeddedWebApplicationContext@2ebb0425: startup date [Mon Dec 09 09:40:29 CST 2019]; root of context hierarchy
2019-12-09 09:40:31.979 [restartedMain] INFO  o.s.w.s.m.m.a.RequestMappingHandlerMapping - Mapped "{[/gene],produces=[application/json;charset=UTF-8]}" onto public java.util.List<big.ac.cn.web.entity.Gene> big.ac.cn.web.controller.GeneController.select(java.lang.String,java.lang.String,java.lang.String)
2019-12-09 09:40:31.981 [restartedMain] INFO  o.s.w.s.m.m.a.RequestMappingHandlerMapping - Mapped "{[/cgwas]}" onto public java.lang.String big.ac.cn.web.controller.IndexController.help(org.springframework.ui.Model)
2019-12-09 09:40:31.982 [restartedMain] INFO  o.s.w.s.m.m.a.RequestMappingHandlerMapping - Mapped "{[/]}" onto public java.lang.String big.ac.cn.web.controller.IndexController.index()
2019-12-09 09:40:31.982 [restartedMain] INFO  o.s.w.s.m.m.a.RequestMappingHandlerMapping - Mapped "{[/test]}" onto public java.lang.String big.ac.cn.web.controller.IndexController.test(org.springframework.ui.Model)
2019-12-09 09:40:31.982 [restartedMain] INFO  o.s.w.s.m.m.a.RequestMappingHandlerMapping - Mapped "{[/results]}" onto public java.lang.String big.ac.cn.web.controller.IndexController.search(org.springframework.ui.Model)
2019-12-09 09:40:31.982 [restartedMain] INFO  o.s.w.s.m.m.a.RequestMappingHandlerMapping - Mapped "{[/canvas]}" onto public java.lang.String big.ac.cn.web.controller.IndexController.can(org.springframework.ui.Model)
2019-12-09 09:40:31.982 [restartedMain] INFO  o.s.w.s.m.m.a.RequestMappingHandlerMapping - Mapped "{[/chrom]}" onto public java.lang.String big.ac.cn.web.controller.IndexController.chr(org.springframework.ui.Model)
2019-12-09 09:40:31.982 [restartedMain] INFO  o.s.w.s.m.m.a.RequestMappingHandlerMapping - Mapped "{[/submit]}" onto public java.lang.String big.ac.cn.web.controller.IndexController.browse(org.springframework.ui.Model)
2019-12-09 09:40:31.983 [restartedMain] INFO  o.s.w.s.m.m.a.RequestMappingHandlerMapping - Mapped "{[/seechrom]}" onto public java.lang.String big.ac.cn.web.controller.IndexController.download(org.springframework.ui.Model)
2019-12-09 09:40:31.983 [restartedMain] INFO  o.s.w.s.m.m.a.RequestMappingHandlerMapping - Mapped "{[/demoResults]}" onto public java.lang.String big.ac.cn.web.controller.IndexController.demo(org.springframework.ui.Model)
2019-12-09 09:40:31.983 [restartedMain] INFO  o.s.w.s.m.m.a.RequestMappingHandlerMapping - Mapped "{[/seecgwas]}" onto public java.lang.String big.ac.cn.web.controller.IndexController.cgwas(org.springframework.ui.Model)
2019-12-09 09:40:31.984 [restartedMain] INFO  o.s.w.s.m.m.a.RequestMappingHandlerMapping - Mapped "{[/documentation]}" onto public java.lang.String big.ac.cn.web.controller.IndexController.documents(org.springframework.ui.Model)
2019-12-09 09:40:31.984 [restartedMain] INFO  o.s.w.s.m.m.a.RequestMappingHandlerMapping - Mapped "{[/svg]}" onto public java.lang.String big.ac.cn.web.controller.IndexController.svg(org.springframework.ui.Model)
2019-12-09 09:40:31.984 [restartedMain] INFO  o.s.w.s.m.m.a.RequestMappingHandlerMapping - Mapped "{[/variant],produces=[application/json;charset=UTF-8]}" onto public java.util.List<big.ac.cn.web.entity.VarInfo> big.ac.cn.web.controller.SearchController.select(java.lang.String,java.lang.String)
2019-12-09 09:40:31.984 [restartedMain] INFO  o.s.w.s.m.m.a.RequestMappingHandlerMapping - Mapped "{[/run]}" onto public java.lang.String big.ac.cn.web.controller.UploadController.upload(org.springframework.ui.ModelMap,org.springframework.web.multipart.MultipartFile,java.lang.String)
2019-12-09 09:40:31.986 [restartedMain] INFO  o.s.w.s.m.m.a.RequestMappingHandlerMapping - Mapped "{[/testBean/testDemo]}" onto public java.lang.String big.ac.cn.web.TestBean.TestDemo()
2019-12-09 09:40:31.989 [restartedMain] INFO  o.s.w.s.m.m.a.RequestMappingHandlerMapping - Mapped "{[/error]}" onto public org.springframework.http.ResponseEntity<java.util.Map<java.lang.String, java.lang.Object>> org.springframework.boot.autoconfigure.web.BasicErrorController.error(javax.servlet.http.HttpServletRequest)
2019-12-09 09:40:31.989 [restartedMain] INFO  o.s.w.s.m.m.a.RequestMappingHandlerMapping - Mapped "{[/error],produces=[text/html]}" onto public org.springframework.web.servlet.ModelAndView org.springframework.boot.autoconfigure.web.BasicErrorController.errorHtml(javax.servlet.http.HttpServletRequest,javax.servlet.http.HttpServletResponse)
2019-12-09 09:40:32.013 [restartedMain] INFO  o.s.web.servlet.handler.SimpleUrlHandlerMapping - Mapped URL path [/file/**] onto handler of type [class org.springframework.web.servlet.resource.ResourceHttpRequestHandler]
2019-12-09 09:40:32.013 [restartedMain] INFO  o.s.web.servlet.handler.SimpleUrlHandlerMapping - Mapped URL path [/webjars/**] onto handler of type [class org.springframework.web.servlet.resource.ResourceHttpRequestHandler]
2019-12-09 09:40:32.013 [restartedMain] INFO  o.s.web.servlet.handler.SimpleUrlHandlerMapping - Mapped URL path [/**] onto handler of type [class org.springframework.web.servlet.resource.ResourceHttpRequestHandler]
2019-12-09 09:40:32.039 [restartedMain] INFO  o.s.web.servlet.handler.SimpleUrlHandlerMapping - Mapped URL path [/**/favicon.ico] onto handler of type [class org.springframework.web.servlet.resource.ResourceHttpRequestHandler]
2019-12-09 09:40:32.218 [restartedMain] INFO  o.s.b.d.autoconfigure.OptionalLiveReloadServer - LiveReload server is running on port 35729
2019-12-09 09:40:32.257 [restartedMain] INFO  o.s.jmx.export.annotation.AnnotationMBeanExporter - Registering beans for JMX exposure on startup
2019-12-09 09:40:32.267 [restartedMain] INFO  org.apache.coyote.http11.Http11NioProtocol - Initializing ProtocolHandler ["http-nio-9800"]
2019-12-09 09:40:32.274 [restartedMain] INFO  org.apache.coyote.http11.Http11NioProtocol - Starting ProtocolHandler ["http-nio-9800"]
2019-12-09 09:40:32.289 [restartedMain] INFO  org.apache.tomcat.util.net.NioSelectorPool - Using a shared selector for servlet write/read
2019-12-09 09:40:32.315 [restartedMain] INFO  o.s.b.c.e.tomcat.TomcatEmbeddedServletContainer - Tomcat started on port(s): 9800 (http)
2019-12-09 09:40:32.318 [restartedMain] INFO  big.ac.cn.web.WebApplication - Started WebApplication in 2.759 seconds (JVM running for 3.7)
2019-12-09 09:40:35.542 [http-nio-9800-exec-1] INFO  org.apache.tomcat.util.http.parser.Cookie - A cookie header was received [1556517082] that contained an invalid cookie. That cookie will be ignored.Note: further occurrences of this error will be logged at DEBUG level.
2019-12-09 09:40:35.546 [http-nio-9800-exec-1] INFO  o.a.c.c.C.[Tomcat].[localhost].[/cgwas] - Initializing Spring FrameworkServlet 'dispatcherServlet'
2019-12-09 09:40:35.546 [http-nio-9800-exec-1] INFO  org.springframework.web.servlet.DispatcherServlet - FrameworkServlet 'dispatcherServlet': initialization started
2019-12-09 09:40:35.559 [http-nio-9800-exec-1] INFO  org.springframework.web.servlet.DispatcherServlet - FrameworkServlet 'dispatcherServlet': initialization completed in 13 ms
2019-12-09 13:48:37.951 [restartedMain] INFO  big.ac.cn.web.WebApplication - Starting WebApplication on DESKTOP-2IIOMS8 with PID 13932 (D:\cgwas201912\web\web\target\classes started by yuanna in D:\cgwas201912\web\web)
2019-12-09 13:48:37.954 [restartedMain] INFO  big.ac.cn.web.WebApplication - No active profile set, falling back to default profiles: default
2019-12-09 13:48:38.019 [restartedMain] INFO  o.s.b.c.e.AnnotationConfigEmbeddedWebApplicationContext - Refreshing org.springframework.boot.context.embedded.AnnotationConfigEmbeddedWebApplicationContext@247a91e: startup date [Mon Dec 09 13:48:38 CST 2019]; root of context hierarchy
2019-12-09 13:48:38.123 [background-preinit] INFO  org.hibernate.validator.internal.util.Version - HV000001: Hibernate Validator 5.3.6.Final
2019-12-09 13:48:39.269 [restartedMain] INFO  o.s.b.c.e.tomcat.TomcatEmbeddedServletContainer - Tomcat initialized with port(s): 9800 (http)
2019-12-09 13:48:39.282 [restartedMain] INFO  org.apache.catalina.core.StandardService - Starting service [Tomcat]
2019-12-09 13:48:39.283 [restartedMain] INFO  org.apache.catalina.core.StandardEngine - Starting Servlet Engine: Apache Tomcat/8.5.23
2019-12-09 13:48:39.457 [localhost-startStop-1] INFO  org.apache.jasper.servlet.TldScanner - At least one JAR was scanned for TLDs yet contained no TLDs. Enable debug logging for this logger for a complete list of JARs that were scanned but no TLDs were found in them. Skipping unneeded JARs during scanning can improve startup time and JSP compilation time.
2019-12-09 13:48:39.460 [localhost-startStop-1] INFO  o.a.c.c.C.[Tomcat].[localhost].[/cgwas] - Initializing Spring embedded WebApplicationContext
2019-12-09 13:48:39.460 [localhost-startStop-1] INFO  org.springframework.web.context.ContextLoader - Root WebApplicationContext: initialization completed in 1441 ms
2019-12-09 13:48:39.569 [localhost-startStop-1] INFO  o.s.boot.web.servlet.ServletRegistrationBean - Mapping servlet: 'dispatcherServlet' to [/]
2019-12-09 13:48:39.572 [localhost-startStop-1] INFO  o.s.boot.web.servlet.FilterRegistrationBean - Mapping filter: 'characterEncodingFilter' to: [/*]
2019-12-09 13:48:39.572 [localhost-startStop-1] INFO  o.s.boot.web.servlet.FilterRegistrationBean - Mapping filter: 'hiddenHttpMethodFilter' to: [/*]
2019-12-09 13:48:39.572 [localhost-startStop-1] INFO  o.s.boot.web.servlet.FilterRegistrationBean - Mapping filter: 'httpPutFormContentFilter' to: [/*]
2019-12-09 13:48:39.572 [localhost-startStop-1] INFO  o.s.boot.web.servlet.FilterRegistrationBean - Mapping filter: 'requestContextFilter' to: [/*]
2019-12-09 13:48:40.122 [restartedMain] INFO  o.s.w.s.m.m.a.RequestMappingHandlerAdapter - Looking for @ControllerAdvice: org.springframework.boot.context.embedded.AnnotationConfigEmbeddedWebApplicationContext@247a91e: startup date [Mon Dec 09 13:48:38 CST 2019]; root of context hierarchy
2019-12-09 13:48:40.170 [restartedMain] INFO  o.s.w.s.m.m.a.RequestMappingHandlerMapping - Mapped "{[/gene],produces=[application/json;charset=UTF-8]}" onto public java.util.List<big.ac.cn.web.entity.Gene> big.ac.cn.web.controller.GeneController.select(java.lang.String,java.lang.String,java.lang.String)
2019-12-09 13:48:40.172 [restartedMain] INFO  o.s.w.s.m.m.a.RequestMappingHandlerMapping - Mapped "{[/cgwas]}" onto public java.lang.String big.ac.cn.web.controller.IndexController.help(org.springframework.ui.Model)
2019-12-09 13:48:40.173 [restartedMain] INFO  o.s.w.s.m.m.a.RequestMappingHandlerMapping - Mapped "{[/]}" onto public java.lang.String big.ac.cn.web.controller.IndexController.index()
2019-12-09 13:48:40.173 [restartedMain] INFO  o.s.w.s.m.m.a.RequestMappingHandlerMapping - Mapped "{[/test]}" onto public java.lang.String big.ac.cn.web.controller.IndexController.test(org.springframework.ui.Model)
2019-12-09 13:48:40.173 [restartedMain] INFO  o.s.w.s.m.m.a.RequestMappingHandlerMapping - Mapped "{[/results]}" onto public java.lang.String big.ac.cn.web.controller.IndexController.search(org.springframework.ui.Model)
2019-12-09 13:48:40.173 [restartedMain] INFO  o.s.w.s.m.m.a.RequestMappingHandlerMapping - Mapped "{[/canvas]}" onto public java.lang.String big.ac.cn.web.controller.IndexController.can(org.springframework.ui.Model)
2019-12-09 13:48:40.174 [restartedMain] INFO  o.s.w.s.m.m.a.RequestMappingHandlerMapping - Mapped "{[/svg]}" onto public java.lang.String big.ac.cn.web.controller.IndexController.svg(org.springframework.ui.Model)
2019-12-09 13:48:40.174 [restartedMain] INFO  o.s.w.s.m.m.a.RequestMappingHandlerMapping - Mapped "{[/submit]}" onto public java.lang.String big.ac.cn.web.controller.IndexController.browse(org.springframework.ui.Model)
2019-12-09 13:48:40.174 [restartedMain] INFO  o.s.w.s.m.m.a.RequestMappingHandlerMapping - Mapped "{[/seechrom]}" onto public java.lang.String big.ac.cn.web.controller.IndexController.download(org.springframework.ui.Model)
2019-12-09 13:48:40.174 [restartedMain] INFO  o.s.w.s.m.m.a.RequestMappingHandlerMapping - Mapped "{[/seecgwas]}" onto public java.lang.String big.ac.cn.web.controller.IndexController.cgwas(org.springframework.ui.Model)
2019-12-09 13:48:40.175 [restartedMain] INFO  o.s.w.s.m.m.a.RequestMappingHandlerMapping - Mapped "{[/documentation]}" onto public java.lang.String big.ac.cn.web.controller.IndexController.documents(org.springframework.ui.Model)
2019-12-09 13:48:40.175 [restartedMain] INFO  o.s.w.s.m.m.a.RequestMappingHandlerMapping - Mapped "{[/demoResults]}" onto public java.lang.String big.ac.cn.web.controller.IndexController.demo(org.springframework.ui.Model)
2019-12-09 13:48:40.175 [restartedMain] INFO  o.s.w.s.m.m.a.RequestMappingHandlerMapping - Mapped "{[/chrom]}" onto public java.lang.String big.ac.cn.web.controller.IndexController.chr(org.springframework.ui.Model)
2019-12-09 13:48:40.176 [restartedMain] INFO  o.s.w.s.m.m.a.RequestMappingHandlerMapping - Mapped "{[/variant],produces=[application/json;charset=UTF-8]}" onto public java.util.List<big.ac.cn.web.entity.VarInfo> big.ac.cn.web.controller.SearchController.select(java.lang.String,java.lang.String)
2019-12-09 13:48:40.176 [restartedMain] INFO  o.s.w.s.m.m.a.RequestMappingHandlerMapping - Mapped "{[/run]}" onto public java.lang.String big.ac.cn.web.controller.UploadController.upload(org.springframework.ui.ModelMap,org.springframework.web.multipart.MultipartFile,java.lang.String)
2019-12-09 13:48:40.178 [restartedMain] INFO  o.s.w.s.m.m.a.RequestMappingHandlerMapping - Mapped "{[/testBean/testDemo]}" onto public java.lang.String big.ac.cn.web.TestBean.TestDemo()
2019-12-09 13:48:40.180 [restartedMain] INFO  o.s.w.s.m.m.a.RequestMappingHandlerMapping - Mapped "{[/error]}" onto public org.springframework.http.ResponseEntity<java.util.Map<java.lang.String, java.lang.Object>> org.springframework.boot.autoconfigure.web.BasicErrorController.error(javax.servlet.http.HttpServletRequest)
2019-12-09 13:48:40.181 [restartedMain] INFO  o.s.w.s.m.m.a.RequestMappingHandlerMapping - Mapped "{[/error],produces=[text/html]}" onto public org.springframework.web.servlet.ModelAndView org.springframework.boot.autoconfigure.web.BasicErrorController.errorHtml(javax.servlet.http.HttpServletRequest,javax.servlet.http.HttpServletResponse)
2019-12-09 13:48:40.208 [restartedMain] INFO  o.s.web.servlet.handler.SimpleUrlHandlerMapping - Mapped URL path [/file/**] onto handler of type [class org.springframework.web.servlet.resource.ResourceHttpRequestHandler]
2019-12-09 13:48:40.209 [restartedMain] INFO  o.s.web.servlet.handler.SimpleUrlHandlerMapping - Mapped URL path [/webjars/**] onto handler of type [class org.springframework.web.servlet.resource.ResourceHttpRequestHandler]
2019-12-09 13:48:40.209 [restartedMain] INFO  o.s.web.servlet.handler.SimpleUrlHandlerMapping - Mapped URL path [/**] onto handler of type [class org.springframework.web.servlet.resource.ResourceHttpRequestHandler]
2019-12-09 13:48:40.235 [restartedMain] INFO  o.s.web.servlet.handler.SimpleUrlHandlerMapping - Mapped URL path [/**/favicon.ico] onto handler of type [class org.springframework.web.servlet.resource.ResourceHttpRequestHandler]
2019-12-09 13:48:40.437 [restartedMain] INFO  o.s.b.d.autoconfigure.OptionalLiveReloadServer - LiveReload server is running on port 35729
2019-12-09 13:48:40.472 [restartedMain] INFO  o.s.jmx.export.annotation.AnnotationMBeanExporter - Registering beans for JMX exposure on startup
2019-12-09 13:48:40.484 [restartedMain] INFO  org.apache.coyote.http11.Http11NioProtocol - Initializing ProtocolHandler ["http-nio-9800"]
2019-12-09 13:48:40.490 [restartedMain] INFO  org.apache.coyote.http11.Http11NioProtocol - Starting ProtocolHandler ["http-nio-9800"]
2019-12-09 13:48:40.508 [restartedMain] INFO  org.apache.tomcat.util.net.NioSelectorPool - Using a shared selector for servlet write/read
2019-12-09 13:48:40.599 [restartedMain] INFO  o.s.b.c.e.tomcat.TomcatEmbeddedServletContainer - Tomcat started on port(s): 9800 (http)
2019-12-09 13:48:40.603 [restartedMain] INFO  big.ac.cn.web.WebApplication - Started WebApplication in 2.854 seconds (JVM running for 3.831)
2019-12-09 13:49:27.120 [http-nio-9800-exec-2] INFO  o.a.c.c.C.[Tomcat].[localhost].[/cgwas] - Initializing Spring FrameworkServlet 'dispatcherServlet'
2019-12-09 13:49:27.120 [http-nio-9800-exec-2] INFO  org.springframework.web.servlet.DispatcherServlet - FrameworkServlet 'dispatcherServlet': initialization started
2019-12-09 13:49:27.134 [http-nio-9800-exec-2] INFO  org.springframework.web.servlet.DispatcherServlet - FrameworkServlet 'dispatcherServlet': initialization completed in 14 ms
2019-12-09 13:51:06.646 [http-nio-9800-exec-3] INFO  org.apache.tomcat.util.http.parser.Cookie - A cookie header was received [1556517082] that contained an invalid cookie. That cookie will be ignored.Note: further occurrences of this error will be logged at DEBUG level.
2019-12-09 13:54:03.507 [restartedMain] INFO  big.ac.cn.web.WebApplication - Starting WebApplication on DESKTOP-2IIOMS8 with PID 3948 (D:\cgwas201912\web\web\target\classes started by yuanna in D:\cgwas201912\web\web)
2019-12-09 13:54:03.509 [restartedMain] INFO  big.ac.cn.web.WebApplication - No active profile set, falling back to default profiles: default
2019-12-09 13:54:03.547 [restartedMain] INFO  o.s.b.c.e.AnnotationConfigEmbeddedWebApplicationContext - Refreshing org.springframework.boot.context.embedded.AnnotationConfigEmbeddedWebApplicationContext@4115cb8c: startup date [Mon Dec 09 13:54:03 CST 2019]; root of context hierarchy
2019-12-09 13:54:03.640 [background-preinit] INFO  org.hibernate.validator.internal.util.Version - HV000001: Hibernate Validator 5.3.6.Final
2019-12-09 13:54:04.767 [restartedMain] INFO  o.s.b.c.e.tomcat.TomcatEmbeddedServletContainer - Tomcat initialized with port(s): 9800 (http)
2019-12-09 13:54:04.779 [restartedMain] INFO  org.apache.catalina.core.StandardService - Starting service [Tomcat]
2019-12-09 13:54:04.780 [restartedMain] INFO  org.apache.catalina.core.StandardEngine - Starting Servlet Engine: Apache Tomcat/8.5.23
2019-12-09 13:54:04.932 [localhost-startStop-1] INFO  org.apache.jasper.servlet.TldScanner - At least one JAR was scanned for TLDs yet contained no TLDs. Enable debug logging for this logger for a complete list of JARs that were scanned but no TLDs were found in them. Skipping unneeded JARs during scanning can improve startup time and JSP compilation time.
2019-12-09 13:54:04.935 [localhost-startStop-1] INFO  o.a.c.c.C.[Tomcat].[localhost].[/cgwas] - Initializing Spring embedded WebApplicationContext
2019-12-09 13:54:04.935 [localhost-startStop-1] INFO  org.springframework.web.context.ContextLoader - Root WebApplicationContext: initialization completed in 1388 ms
2019-12-09 13:54:05.034 [localhost-startStop-1] INFO  o.s.boot.web.servlet.ServletRegistrationBean - Mapping servlet: 'dispatcherServlet' to [/]
2019-12-09 13:54:05.036 [localhost-startStop-1] INFO  o.s.boot.web.servlet.FilterRegistrationBean - Mapping filter: 'characterEncodingFilter' to: [/*]
2019-12-09 13:54:05.037 [localhost-startStop-1] INFO  o.s.boot.web.servlet.FilterRegistrationBean - Mapping filter: 'hiddenHttpMethodFilter' to: [/*]
2019-12-09 13:54:05.037 [localhost-startStop-1] INFO  o.s.boot.web.servlet.FilterRegistrationBean - Mapping filter: 'httpPutFormContentFilter' to: [/*]
2019-12-09 13:54:05.037 [localhost-startStop-1] INFO  o.s.boot.web.servlet.FilterRegistrationBean - Mapping filter: 'requestContextFilter' to: [/*]
2019-12-09 13:54:05.484 [restartedMain] INFO  o.s.w.s.m.m.a.RequestMappingHandlerAdapter - Looking for @ControllerAdvice: org.springframework.boot.context.embedded.AnnotationConfigEmbeddedWebApplicationContext@4115cb8c: startup date [Mon Dec 09 13:54:03 CST 2019]; root of context hierarchy
2019-12-09 13:54:05.523 [restartedMain] INFO  o.s.w.s.m.m.a.RequestMappingHandlerMapping - Mapped "{[/gene],produces=[application/json;charset=UTF-8]}" onto public java.util.List<big.ac.cn.web.entity.Gene> big.ac.cn.web.controller.GeneController.select(java.lang.String,java.lang.String,java.lang.String)
2019-12-09 13:54:05.525 [restartedMain] INFO  o.s.w.s.m.m.a.RequestMappingHandlerMapping - Mapped "{[/cgwas]}" onto public java.lang.String big.ac.cn.web.controller.IndexController.help(org.springframework.ui.Model)
2019-12-09 13:54:05.525 [restartedMain] INFO  o.s.w.s.m.m.a.RequestMappingHandlerMapping - Mapped "{[/]}" onto public java.lang.String big.ac.cn.web.controller.IndexController.index()
2019-12-09 13:54:05.525 [restartedMain] INFO  o.s.w.s.m.m.a.RequestMappingHandlerMapping - Mapped "{[/test]}" onto public java.lang.String big.ac.cn.web.controller.IndexController.test(org.springframework.ui.Model)
2019-12-09 13:54:05.526 [restartedMain] INFO  o.s.w.s.m.m.a.RequestMappingHandlerMapping - Mapped "{[/results]}" onto public java.lang.String big.ac.cn.web.controller.IndexController.search(org.springframework.ui.Model)
2019-12-09 13:54:05.526 [restartedMain] INFO  o.s.w.s.m.m.a.RequestMappingHandlerMapping - Mapped "{[/canvas]}" onto public java.lang.String big.ac.cn.web.controller.IndexController.can(org.springframework.ui.Model)
2019-12-09 13:54:05.526 [restartedMain] INFO  o.s.w.s.m.m.a.RequestMappingHandlerMapping - Mapped "{[/svg]}" onto public java.lang.String big.ac.cn.web.controller.IndexController.svg(org.springframework.ui.Model)
2019-12-09 13:54:05.526 [restartedMain] INFO  o.s.w.s.m.m.a.RequestMappingHandlerMapping - Mapped "{[/seecgwas]}" onto public java.lang.String big.ac.cn.web.controller.IndexController.cgwas(org.springframework.ui.Model)
2019-12-09 13:54:05.526 [restartedMain] INFO  o.s.w.s.m.m.a.RequestMappingHandlerMapping - Mapped "{[/seechrom]}" onto public java.lang.String big.ac.cn.web.controller.IndexController.download(org.springframework.ui.Model)
2019-12-09 13:54:05.527 [restartedMain] INFO  o.s.w.s.m.m.a.RequestMappingHandlerMapping - Mapped "{[/documentation]}" onto public java.lang.String big.ac.cn.web.controller.IndexController.documents(org.springframework.ui.Model)
2019-12-09 13:54:05.527 [restartedMain] INFO  o.s.w.s.m.m.a.RequestMappingHandlerMapping - Mapped "{[/submit]}" onto public java.lang.String big.ac.cn.web.controller.IndexController.browse(org.springframework.ui.Model)
2019-12-09 13:54:05.527 [restartedMain] INFO  o.s.w.s.m.m.a.RequestMappingHandlerMapping - Mapped "{[/chrom]}" onto public java.lang.String big.ac.cn.web.controller.IndexController.chr(org.springframework.ui.Model)
2019-12-09 13:54:05.527 [restartedMain] INFO  o.s.w.s.m.m.a.RequestMappingHandlerMapping - Mapped "{[/demoResults]}" onto public java.lang.String big.ac.cn.web.controller.IndexController.demo(org.springframework.ui.Model)
2019-12-09 13:54:05.527 [restartedMain] INFO  o.s.w.s.m.m.a.RequestMappingHandlerMapping - Mapped "{[/variant],produces=[application/json;charset=UTF-8]}" onto public java.util.List<big.ac.cn.web.entity.VarInfo> big.ac.cn.web.controller.SearchController.select(java.lang.String,java.lang.String)
2019-12-09 13:54:05.528 [restartedMain] INFO  o.s.w.s.m.m.a.RequestMappingHandlerMapping - Mapped "{[/run]}" onto public java.lang.String big.ac.cn.web.controller.UploadController.upload(org.springframework.ui.ModelMap,org.springframework.web.multipart.MultipartFile,java.lang.String)
2019-12-09 13:54:05.530 [restartedMain] INFO  o.s.w.s.m.m.a.RequestMappingHandlerMapping - Mapped "{[/testBean/testDemo]}" onto public java.lang.String big.ac.cn.web.TestBean.TestDemo()
2019-12-09 13:54:05.531 [restartedMain] INFO  o.s.w.s.m.m.a.RequestMappingHandlerMapping - Mapped "{[/error]}" onto public org.springframework.http.ResponseEntity<java.util.Map<java.lang.String, java.lang.Object>> org.springframework.boot.autoconfigure.web.BasicErrorController.error(javax.servlet.http.HttpServletRequest)
2019-12-09 13:54:05.532 [restartedMain] INFO  o.s.w.s.m.m.a.RequestMappingHandlerMapping - Mapped "{[/error],produces=[text/html]}" onto public org.springframework.web.servlet.ModelAndView org.springframework.boot.autoconfigure.web.BasicErrorController.errorHtml(javax.servlet.http.HttpServletRequest,javax.servlet.http.HttpServletResponse)
2019-12-09 13:54:05.550 [restartedMain] INFO  o.s.web.servlet.handler.SimpleUrlHandlerMapping - Mapped URL path [/file/**] onto handler of type [class org.springframework.web.servlet.resource.ResourceHttpRequestHandler]
2019-12-09 13:54:05.550 [restartedMain] INFO  o.s.web.servlet.handler.SimpleUrlHandlerMapping - Mapped URL path [/webjars/**] onto handler of type [class org.springframework.web.servlet.resource.ResourceHttpRequestHandler]
2019-12-09 13:54:05.550 [restartedMain] INFO  o.s.web.servlet.handler.SimpleUrlHandlerMapping - Mapped URL path [/**] onto handler of type [class org.springframework.web.servlet.resource.ResourceHttpRequestHandler]
2019-12-09 13:54:05.572 [restartedMain] INFO  o.s.web.servlet.handler.SimpleUrlHandlerMapping - Mapped URL path [/**/favicon.ico] onto handler of type [class org.springframework.web.servlet.resource.ResourceHttpRequestHandler]
2019-12-09 13:54:05.732 [restartedMain] INFO  o.s.b.d.autoconfigure.OptionalLiveReloadServer - LiveReload server is running on port 35729
2019-12-09 13:54:05.777 [restartedMain] INFO  o.s.jmx.export.annotation.AnnotationMBeanExporter - Registering beans for JMX exposure on startup
2019-12-09 13:54:05.797 [restartedMain] INFO  org.apache.coyote.http11.Http11NioProtocol - Initializing ProtocolHandler ["http-nio-9800"]
2019-12-09 13:54:05.804 [restartedMain] INFO  org.apache.coyote.http11.Http11NioProtocol - Starting ProtocolHandler ["http-nio-9800"]
2019-12-09 13:54:05.821 [restartedMain] INFO  org.apache.tomcat.util.net.NioSelectorPool - Using a shared selector for servlet write/read
2019-12-09 13:54:05.848 [restartedMain] INFO  o.s.b.c.e.tomcat.TomcatEmbeddedServletContainer - Tomcat started on port(s): 9800 (http)
2019-12-09 13:54:05.851 [restartedMain] INFO  big.ac.cn.web.WebApplication - Started WebApplication in 2.524 seconds (JVM running for 3.276)
2019-12-09 13:54:14.766 [http-nio-9800-exec-1] INFO  org.apache.tomcat.util.http.parser.Cookie - A cookie header was received [1556517082] that contained an invalid cookie. That cookie will be ignored.Note: further occurrences of this error will be logged at DEBUG level.
2019-12-09 13:54:14.770 [http-nio-9800-exec-1] INFO  o.a.c.c.C.[Tomcat].[localhost].[/cgwas] - Initializing Spring FrameworkServlet 'dispatcherServlet'
2019-12-09 13:54:14.770 [http-nio-9800-exec-1] INFO  org.springframework.web.servlet.DispatcherServlet - FrameworkServlet 'dispatcherServlet': initialization started
2019-12-09 13:54:14.782 [http-nio-9800-exec-1] INFO  org.springframework.web.servlet.DispatcherServlet - FrameworkServlet 'dispatcherServlet': initialization completed in 12 ms
2019-12-09 14:06:29.767 [restartedMain] INFO  big.ac.cn.web.WebApplication - Starting WebApplication on DESKTOP-2IIOMS8 with PID 620 (D:\cgwas201912\web\web\target\classes started by yuanna in D:\cgwas201912\web\web)
2019-12-09 14:06:29.769 [restartedMain] INFO  big.ac.cn.web.WebApplication - No active profile set, falling back to default profiles: default
2019-12-09 14:06:29.819 [restartedMain] INFO  o.s.b.c.e.AnnotationConfigEmbeddedWebApplicationContext - Refreshing org.springframework.boot.context.embedded.AnnotationConfigEmbeddedWebApplicationContext@2b58773f: startup date [Mon Dec 09 14:06:29 CST 2019]; root of context hierarchy
2019-12-09 14:06:29.913 [background-preinit] INFO  org.hibernate.validator.internal.util.Version - HV000001: Hibernate Validator 5.3.6.Final
2019-12-09 14:06:30.925 [restartedMain] INFO  o.s.b.c.e.tomcat.TomcatEmbeddedServletContainer - Tomcat initialized with port(s): 9800 (http)
2019-12-09 14:06:30.936 [restartedMain] INFO  org.apache.catalina.core.StandardService - Starting service [Tomcat]
2019-12-09 14:06:30.936 [restartedMain] INFO  org.apache.catalina.core.StandardEngine - Starting Servlet Engine: Apache Tomcat/8.5.23
2019-12-09 14:06:31.106 [localhost-startStop-1] INFO  org.apache.jasper.servlet.TldScanner - At least one JAR was scanned for TLDs yet contained no TLDs. Enable debug logging for this logger for a complete list of JARs that were scanned but no TLDs were found in them. Skipping unneeded JARs during scanning can improve startup time and JSP compilation time.
2019-12-09 14:06:31.109 [localhost-startStop-1] INFO  o.a.c.c.C.[Tomcat].[localhost].[/cgwas] - Initializing Spring embedded WebApplicationContext
2019-12-09 14:06:31.109 [localhost-startStop-1] INFO  org.springframework.web.context.ContextLoader - Root WebApplicationContext: initialization completed in 1290 ms
2019-12-09 14:06:31.214 [localhost-startStop-1] INFO  o.s.boot.web.servlet.ServletRegistrationBean - Mapping servlet: 'dispatcherServlet' to [/]
2019-12-09 14:06:31.218 [localhost-startStop-1] INFO  o.s.boot.web.servlet.FilterRegistrationBean - Mapping filter: 'characterEncodingFilter' to: [/*]
2019-12-09 14:06:31.218 [localhost-startStop-1] INFO  o.s.boot.web.servlet.FilterRegistrationBean - Mapping filter: 'hiddenHttpMethodFilter' to: [/*]
2019-12-09 14:06:31.218 [localhost-startStop-1] INFO  o.s.boot.web.servlet.FilterRegistrationBean - Mapping filter: 'httpPutFormContentFilter' to: [/*]
2019-12-09 14:06:31.218 [localhost-startStop-1] INFO  o.s.boot.web.servlet.FilterRegistrationBean - Mapping filter: 'requestContextFilter' to: [/*]
2019-12-09 14:06:31.677 [restartedMain] INFO  o.s.w.s.m.m.a.RequestMappingHandlerAdapter - Looking for @ControllerAdvice: org.springframework.boot.context.embedded.AnnotationConfigEmbeddedWebApplicationContext@2b58773f: startup date [Mon Dec 09 14:06:29 CST 2019]; root of context hierarchy
2019-12-09 14:06:31.712 [restartedMain] INFO  o.s.w.s.m.m.a.RequestMappingHandlerMapping - Mapped "{[/gene],produces=[application/json;charset=UTF-8]}" onto public java.util.List<big.ac.cn.web.entity.Gene> big.ac.cn.web.controller.GeneController.select(java.lang.String,java.lang.String,java.lang.String)
2019-12-09 14:06:31.715 [restartedMain] INFO  o.s.w.s.m.m.a.RequestMappingHandlerMapping - Mapped "{[/cgwas]}" onto public java.lang.String big.ac.cn.web.controller.IndexController.help(org.springframework.ui.Model)
2019-12-09 14:06:31.715 [restartedMain] INFO  o.s.w.s.m.m.a.RequestMappingHandlerMapping - Mapped "{[/]}" onto public java.lang.String big.ac.cn.web.controller.IndexController.index()
2019-12-09 14:06:31.715 [restartedMain] INFO  o.s.w.s.m.m.a.RequestMappingHandlerMapping - Mapped "{[/test]}" onto public java.lang.String big.ac.cn.web.controller.IndexController.test(org.springframework.ui.Model)
2019-12-09 14:06:31.715 [restartedMain] INFO  o.s.w.s.m.m.a.RequestMappingHandlerMapping - Mapped "{[/results]}" onto public java.lang.String big.ac.cn.web.controller.IndexController.search(org.springframework.ui.Model)
2019-12-09 14:06:31.715 [restartedMain] INFO  o.s.w.s.m.m.a.RequestMappingHandlerMapping - Mapped "{[/canvas]}" onto public java.lang.String big.ac.cn.web.controller.IndexController.can(org.springframework.ui.Model)
2019-12-09 14:06:31.715 [restartedMain] INFO  o.s.w.s.m.m.a.RequestMappingHandlerMapping - Mapped "{[/submit]}" onto public java.lang.String big.ac.cn.web.controller.IndexController.browse(org.springframework.ui.Model)
2019-12-09 14:06:31.716 [restartedMain] INFO  o.s.w.s.m.m.a.RequestMappingHandlerMapping - Mapped "{[/demoResults]}" onto public java.lang.String big.ac.cn.web.controller.IndexController.demo(org.springframework.ui.Model)
2019-12-09 14:06:31.716 [restartedMain] INFO  o.s.w.s.m.m.a.RequestMappingHandlerMapping - Mapped "{[/seechrom]}" onto public java.lang.String big.ac.cn.web.controller.IndexController.download(org.springframework.ui.Model)
2019-12-09 14:06:31.716 [restartedMain] INFO  o.s.w.s.m.m.a.RequestMappingHandlerMapping - Mapped "{[/chrom]}" onto public java.lang.String big.ac.cn.web.controller.IndexController.chr(org.springframework.ui.Model)
2019-12-09 14:06:31.716 [restartedMain] INFO  o.s.w.s.m.m.a.RequestMappingHandlerMapping - Mapped "{[/documentation]}" onto public java.lang.String big.ac.cn.web.controller.IndexController.documents(org.springframework.ui.Model)
2019-12-09 14:06:31.716 [restartedMain] INFO  o.s.w.s.m.m.a.RequestMappingHandlerMapping - Mapped "{[/seecgwas]}" onto public java.lang.String big.ac.cn.web.controller.IndexController.cgwas(org.springframework.ui.Model)
2019-12-09 14:06:31.716 [restartedMain] INFO  o.s.w.s.m.m.a.RequestMappingHandlerMapping - Mapped "{[/svg]}" onto public java.lang.String big.ac.cn.web.controller.IndexController.svg(org.springframework.ui.Model)
2019-12-09 14:06:31.717 [restartedMain] INFO  o.s.w.s.m.m.a.RequestMappingHandlerMapping - Mapped "{[/variant],produces=[application/json;charset=UTF-8]}" onto public java.util.List<big.ac.cn.web.entity.VarInfo> big.ac.cn.web.controller.SearchController.select(java.lang.String,java.lang.String)
2019-12-09 14:06:31.717 [restartedMain] INFO  o.s.w.s.m.m.a.RequestMappingHandlerMapping - Mapped "{[/run]}" onto public java.lang.String big.ac.cn.web.controller.UploadController.upload(org.springframework.ui.ModelMap,org.springframework.web.multipart.MultipartFile,java.lang.String)
2019-12-09 14:06:31.719 [restartedMain] INFO  o.s.w.s.m.m.a.RequestMappingHandlerMapping - Mapped "{[/testBean/testDemo]}" onto public java.lang.String big.ac.cn.web.TestBean.TestDemo()
2019-12-09 14:06:31.720 [restartedMain] INFO  o.s.w.s.m.m.a.RequestMappingHandlerMapping - Mapped "{[/error]}" onto public org.springframework.http.ResponseEntity<java.util.Map<java.lang.String, java.lang.Object>> org.springframework.boot.autoconfigure.web.BasicErrorController.error(javax.servlet.http.HttpServletRequest)
2019-12-09 14:06:31.720 [restartedMain] INFO  o.s.w.s.m.m.a.RequestMappingHandlerMapping - Mapped "{[/error],produces=[text/html]}" onto public org.springframework.web.servlet.ModelAndView org.springframework.boot.autoconfigure.web.BasicErrorController.errorHtml(javax.servlet.http.HttpServletRequest,javax.servlet.http.HttpServletResponse)
2019-12-09 14:06:31.740 [restartedMain] INFO  o.s.web.servlet.handler.SimpleUrlHandlerMapping - Mapped URL path [/file/**] onto handler of type [class org.springframework.web.servlet.resource.ResourceHttpRequestHandler]
2019-12-09 14:06:31.740 [restartedMain] INFO  o.s.web.servlet.handler.SimpleUrlHandlerMapping - Mapped URL path [/webjars/**] onto handler of type [class org.springframework.web.servlet.resource.ResourceHttpRequestHandler]
2019-12-09 14:06:31.740 [restartedMain] INFO  o.s.web.servlet.handler.SimpleUrlHandlerMapping - Mapped URL path [/**] onto handler of type [class org.springframework.web.servlet.resource.ResourceHttpRequestHandler]
2019-12-09 14:06:31.763 [restartedMain] INFO  o.s.web.servlet.handler.SimpleUrlHandlerMapping - Mapped URL path [/**/favicon.ico] onto handler of type [class org.springframework.web.servlet.resource.ResourceHttpRequestHandler]
2019-12-09 14:06:31.929 [restartedMain] INFO  o.s.b.d.autoconfigure.OptionalLiveReloadServer - LiveReload server is running on port 35729
2019-12-09 14:06:31.962 [restartedMain] INFO  o.s.jmx.export.annotation.AnnotationMBeanExporter - Registering beans for JMX exposure on startup
2019-12-09 14:06:31.974 [restartedMain] INFO  org.apache.coyote.http11.Http11NioProtocol - Initializing ProtocolHandler ["http-nio-9800"]
2019-12-09 14:06:31.982 [restartedMain] INFO  org.apache.coyote.http11.Http11NioProtocol - Starting ProtocolHandler ["http-nio-9800"]
2019-12-09 14:06:31.999 [restartedMain] INFO  org.apache.tomcat.util.net.NioSelectorPool - Using a shared selector for servlet write/read
2019-12-09 14:06:32.022 [restartedMain] INFO  o.s.b.c.e.tomcat.TomcatEmbeddedServletContainer - Tomcat started on port(s): 9800 (http)
2019-12-09 14:06:32.025 [restartedMain] INFO  big.ac.cn.web.WebApplication - Started WebApplication in 2.455 seconds (JVM running for 3.281)
2019-12-09 14:06:49.378 [http-nio-9800-exec-1] INFO  org.apache.tomcat.util.http.parser.Cookie - A cookie header was received [1556517082] that contained an invalid cookie. That cookie will be ignored.Note: further occurrences of this error will be logged at DEBUG level.
2019-12-09 14:06:49.382 [http-nio-9800-exec-1] INFO  o.a.c.c.C.[Tomcat].[localhost].[/cgwas] - Initializing Spring FrameworkServlet 'dispatcherServlet'
2019-12-09 14:06:49.382 [http-nio-9800-exec-1] INFO  org.springframework.web.servlet.DispatcherServlet - FrameworkServlet 'dispatcherServlet': initialization started
2019-12-09 14:06:49.394 [http-nio-9800-exec-1] INFO  org.springframework.web.servlet.DispatcherServlet - FrameworkServlet 'dispatcherServlet': initialization completed in 12 ms
2019-12-09 14:22:09.739 [restartedMain] INFO  big.ac.cn.web.WebApplication - Starting WebApplication on DESKTOP-2IIOMS8 with PID 14992 (D:\cgwas201912\web\web\target\classes started by yuanna in D:\cgwas201912\web\web)
2019-12-09 14:22:09.742 [restartedMain] INFO  big.ac.cn.web.WebApplication - No active profile set, falling back to default profiles: default
2019-12-09 14:22:09.790 [restartedMain] INFO  o.s.b.c.e.AnnotationConfigEmbeddedWebApplicationContext - Refreshing org.springframework.boot.context.embedded.AnnotationConfigEmbeddedWebApplicationContext@247a91e: startup date [Mon Dec 09 14:22:09 CST 2019]; root of context hierarchy
2019-12-09 14:22:09.875 [background-preinit] INFO  org.hibernate.validator.internal.util.Version - HV000001: Hibernate Validator 5.3.6.Final
2019-12-09 14:22:10.864 [restartedMain] INFO  o.s.b.c.e.tomcat.TomcatEmbeddedServletContainer - Tomcat initialized with port(s): 9800 (http)
2019-12-09 14:22:10.877 [restartedMain] INFO  org.apache.catalina.core.StandardService - Starting service [Tomcat]
2019-12-09 14:22:10.878 [restartedMain] INFO  org.apache.catalina.core.StandardEngine - Starting Servlet Engine: Apache Tomcat/8.5.23
2019-12-09 14:22:11.050 [localhost-startStop-1] INFO  org.apache.jasper.servlet.TldScanner - At least one JAR was scanned for TLDs yet contained no TLDs. Enable debug logging for this logger for a complete list of JARs that were scanned but no TLDs were found in them. Skipping unneeded JARs during scanning can improve startup time and JSP compilation time.
2019-12-09 14:22:11.054 [localhost-startStop-1] INFO  o.a.c.c.C.[Tomcat].[localhost].[/cgwas] - Initializing Spring embedded WebApplicationContext
2019-12-09 14:22:11.054 [localhost-startStop-1] INFO  org.springframework.web.context.ContextLoader - Root WebApplicationContext: initialization completed in 1264 ms
2019-12-09 14:22:11.153 [localhost-startStop-1] INFO  o.s.boot.web.servlet.ServletRegistrationBean - Mapping servlet: 'dispatcherServlet' to [/]
2019-12-09 14:22:11.156 [localhost-startStop-1] INFO  o.s.boot.web.servlet.FilterRegistrationBean - Mapping filter: 'characterEncodingFilter' to: [/*]
2019-12-09 14:22:11.156 [localhost-startStop-1] INFO  o.s.boot.web.servlet.FilterRegistrationBean - Mapping filter: 'hiddenHttpMethodFilter' to: [/*]
2019-12-09 14:22:11.157 [localhost-startStop-1] INFO  o.s.boot.web.servlet.FilterRegistrationBean - Mapping filter: 'httpPutFormContentFilter' to: [/*]
2019-12-09 14:22:11.157 [localhost-startStop-1] INFO  o.s.boot.web.servlet.FilterRegistrationBean - Mapping filter: 'requestContextFilter' to: [/*]
2019-12-09 14:22:11.602 [restartedMain] INFO  o.s.w.s.m.m.a.RequestMappingHandlerAdapter - Looking for @ControllerAdvice: org.springframework.boot.context.embedded.AnnotationConfigEmbeddedWebApplicationContext@247a91e: startup date [Mon Dec 09 14:22:09 CST 2019]; root of context hierarchy
2019-12-09 14:22:11.637 [restartedMain] INFO  o.s.w.s.m.m.a.RequestMappingHandlerMapping - Mapped "{[/gene],produces=[application/json;charset=UTF-8]}" onto public java.util.List<big.ac.cn.web.entity.Gene> big.ac.cn.web.controller.GeneController.select(java.lang.String,java.lang.String,java.lang.String)
2019-12-09 14:22:11.639 [restartedMain] INFO  o.s.w.s.m.m.a.RequestMappingHandlerMapping - Mapped "{[/cgwas]}" onto public java.lang.String big.ac.cn.web.controller.IndexController.help(org.springframework.ui.Model)
2019-12-09 14:22:11.639 [restartedMain] INFO  o.s.w.s.m.m.a.RequestMappingHandlerMapping - Mapped "{[/]}" onto public java.lang.String big.ac.cn.web.controller.IndexController.index()
2019-12-09 14:22:11.639 [restartedMain] INFO  o.s.w.s.m.m.a.RequestMappingHandlerMapping - Mapped "{[/test]}" onto public java.lang.String big.ac.cn.web.controller.IndexController.test(org.springframework.ui.Model)
2019-12-09 14:22:11.639 [restartedMain] INFO  o.s.w.s.m.m.a.RequestMappingHandlerMapping - Mapped "{[/results]}" onto public java.lang.String big.ac.cn.web.controller.IndexController.search(org.springframework.ui.Model)
2019-12-09 14:22:11.639 [restartedMain] INFO  o.s.w.s.m.m.a.RequestMappingHandlerMapping - Mapped "{[/canvas]}" onto public java.lang.String big.ac.cn.web.controller.IndexController.can(org.springframework.ui.Model)
2019-12-09 14:22:11.640 [restartedMain] INFO  o.s.w.s.m.m.a.RequestMappingHandlerMapping - Mapped "{[/submit]}" onto public java.lang.String big.ac.cn.web.controller.IndexController.browse(org.springframework.ui.Model)
2019-12-09 14:22:11.640 [restartedMain] INFO  o.s.w.s.m.m.a.RequestMappingHandlerMapping - Mapped "{[/seechrom]}" onto public java.lang.String big.ac.cn.web.controller.IndexController.download(org.springframework.ui.Model)
2019-12-09 14:22:11.640 [restartedMain] INFO  o.s.w.s.m.m.a.RequestMappingHandlerMapping - Mapped "{[/seecgwas]}" onto public java.lang.String big.ac.cn.web.controller.IndexController.cgwas(org.springframework.ui.Model)
2019-12-09 14:22:11.640 [restartedMain] INFO  o.s.w.s.m.m.a.RequestMappingHandlerMapping - Mapped "{[/chrom]}" onto public java.lang.String big.ac.cn.web.controller.IndexController.chr(org.springframework.ui.Model)
2019-12-09 14:22:11.640 [restartedMain] INFO  o.s.w.s.m.m.a.RequestMappingHandlerMapping - Mapped "{[/demoResults]}" onto public java.lang.String big.ac.cn.web.controller.IndexController.demo(org.springframework.ui.Model)
2019-12-09 14:22:11.640 [restartedMain] INFO  o.s.w.s.m.m.a.RequestMappingHandlerMapping - Mapped "{[/documentation]}" onto public java.lang.String big.ac.cn.web.controller.IndexController.documents(org.springframework.ui.Model)
2019-12-09 14:22:11.640 [restartedMain] INFO  o.s.w.s.m.m.a.RequestMappingHandlerMapping - Mapped "{[/svg]}" onto public java.lang.String big.ac.cn.web.controller.IndexController.svg(org.springframework.ui.Model)
2019-12-09 14:22:11.641 [restartedMain] INFO  o.s.w.s.m.m.a.RequestMappingHandlerMapping - Mapped "{[/variant],produces=[application/json;charset=UTF-8]}" onto public java.util.List<big.ac.cn.web.entity.VarInfo> big.ac.cn.web.controller.SearchController.select(java.lang.String,java.lang.String)
2019-12-09 14:22:11.641 [restartedMain] INFO  o.s.w.s.m.m.a.RequestMappingHandlerMapping - Mapped "{[/run]}" onto public java.lang.String big.ac.cn.web.controller.UploadController.upload(org.springframework.ui.ModelMap,org.springframework.web.multipart.MultipartFile,java.lang.String)
2019-12-09 14:22:11.643 [restartedMain] INFO  o.s.w.s.m.m.a.RequestMappingHandlerMapping - Mapped "{[/testBean/testDemo]}" onto public java.lang.String big.ac.cn.web.TestBean.TestDemo()
2019-12-09 14:22:11.644 [restartedMain] INFO  o.s.w.s.m.m.a.RequestMappingHandlerMapping - Mapped "{[/error]}" onto public org.springframework.http.ResponseEntity<java.util.Map<java.lang.String, java.lang.Object>> org.springframework.boot.autoconfigure.web.BasicErrorController.error(javax.servlet.http.HttpServletRequest)
2019-12-09 14:22:11.645 [restartedMain] INFO  o.s.w.s.m.m.a.RequestMappingHandlerMapping - Mapped "{[/error],produces=[text/html]}" onto public org.springframework.web.servlet.ModelAndView org.springframework.boot.autoconfigure.web.BasicErrorController.errorHtml(javax.servlet.http.HttpServletRequest,javax.servlet.http.HttpServletResponse)
2019-12-09 14:22:11.665 [restartedMain] INFO  o.s.web.servlet.handler.SimpleUrlHandlerMapping - Mapped URL path [/file/**] onto handler of type [class org.springframework.web.servlet.resource.ResourceHttpRequestHandler]
2019-12-09 14:22:11.665 [restartedMain] INFO  o.s.web.servlet.handler.SimpleUrlHandlerMapping - Mapped URL path [/webjars/**] onto handler of type [class org.springframework.web.servlet.resource.ResourceHttpRequestHandler]
2019-12-09 14:22:11.665 [restartedMain] INFO  o.s.web.servlet.handler.SimpleUrlHandlerMapping - Mapped URL path [/**] onto handler of type [class org.springframework.web.servlet.resource.ResourceHttpRequestHandler]
2019-12-09 14:22:11.688 [restartedMain] INFO  o.s.web.servlet.handler.SimpleUrlHandlerMapping - Mapped URL path [/**/favicon.ico] onto handler of type [class org.springframework.web.servlet.resource.ResourceHttpRequestHandler]
2019-12-09 14:22:11.857 [restartedMain] INFO  o.s.b.d.autoconfigure.OptionalLiveReloadServer - LiveReload server is running on port 35729
2019-12-09 14:22:11.893 [restartedMain] INFO  o.s.jmx.export.annotation.AnnotationMBeanExporter - Registering beans for JMX exposure on startup
2019-12-09 14:22:11.906 [restartedMain] INFO  org.apache.coyote.http11.Http11NioProtocol - Initializing ProtocolHandler ["http-nio-9800"]
2019-12-09 14:22:11.912 [restartedMain] INFO  org.apache.coyote.http11.Http11NioProtocol - Starting ProtocolHandler ["http-nio-9800"]
2019-12-09 14:22:11.927 [restartedMain] INFO  org.apache.tomcat.util.net.NioSelectorPool - Using a shared selector for servlet write/read
2019-12-09 14:22:11.950 [restartedMain] INFO  o.s.b.c.e.tomcat.TomcatEmbeddedServletContainer - Tomcat started on port(s): 9800 (http)
2019-12-09 14:22:11.953 [restartedMain] INFO  big.ac.cn.web.WebApplication - Started WebApplication in 2.414 seconds (JVM running for 3.256)
2019-12-09 14:22:19.145 [http-nio-9800-exec-1] INFO  org.apache.tomcat.util.http.parser.Cookie - A cookie header was received [1556517082] that contained an invalid cookie. That cookie will be ignored.Note: further occurrences of this error will be logged at DEBUG level.
2019-12-09 14:22:19.149 [http-nio-9800-exec-1] INFO  o.a.c.c.C.[Tomcat].[localhost].[/cgwas] - Initializing Spring FrameworkServlet 'dispatcherServlet'
2019-12-09 14:22:19.149 [http-nio-9800-exec-1] INFO  org.springframework.web.servlet.DispatcherServlet - FrameworkServlet 'dispatcherServlet': initialization started
2019-12-09 14:22:19.161 [http-nio-9800-exec-1] INFO  org.springframework.web.servlet.DispatcherServlet - FrameworkServlet 'dispatcherServlet': initialization completed in 11 ms
2019-12-09 14:28:31.695 [restartedMain] INFO  big.ac.cn.web.WebApplication - Starting WebApplication on DESKTOP-2IIOMS8 with PID 964 (D:\cgwas201912\web\web\target\classes started by yuanna in D:\cgwas201912\web\web)
2019-12-09 14:28:31.697 [restartedMain] INFO  big.ac.cn.web.WebApplication - No active profile set, falling back to default profiles: default
2019-12-09 14:28:31.735 [restartedMain] INFO  o.s.b.c.e.AnnotationConfigEmbeddedWebApplicationContext - Refreshing org.springframework.boot.context.embedded.AnnotationConfigEmbeddedWebApplicationContext@685249e7: startup date [Mon Dec 09 14:28:31 CST 2019]; root of context hierarchy
2019-12-09 14:28:31.821 [background-preinit] INFO  org.hibernate.validator.internal.util.Version - HV000001: Hibernate Validator 5.3.6.Final
2019-12-09 14:28:32.827 [restartedMain] INFO  o.s.b.c.e.tomcat.TomcatEmbeddedServletContainer - Tomcat initialized with port(s): 9800 (http)
2019-12-09 14:28:32.839 [restartedMain] INFO  org.apache.catalina.core.StandardService - Starting service [Tomcat]
2019-12-09 14:28:32.840 [restartedMain] INFO  org.apache.catalina.core.StandardEngine - Starting Servlet Engine: Apache Tomcat/8.5.23
2019-12-09 14:28:33.014 [localhost-startStop-1] INFO  org.apache.jasper.servlet.TldScanner - At least one JAR was scanned for TLDs yet contained no TLDs. Enable debug logging for this logger for a complete list of JARs that were scanned but no TLDs were found in them. Skipping unneeded JARs during scanning can improve startup time and JSP compilation time.
2019-12-09 14:28:33.018 [localhost-startStop-1] INFO  o.a.c.c.C.[Tomcat].[localhost].[/cgwas] - Initializing Spring embedded WebApplicationContext
2019-12-09 14:28:33.018 [localhost-startStop-1] INFO  org.springframework.web.context.ContextLoader - Root WebApplicationContext: initialization completed in 1283 ms
2019-12-09 14:28:33.135 [localhost-startStop-1] INFO  o.s.boot.web.servlet.ServletRegistrationBean - Mapping servlet: 'dispatcherServlet' to [/]
2019-12-09 14:28:33.138 [localhost-startStop-1] INFO  o.s.boot.web.servlet.FilterRegistrationBean - Mapping filter: 'characterEncodingFilter' to: [/*]
2019-12-09 14:28:33.139 [localhost-startStop-1] INFO  o.s.boot.web.servlet.FilterRegistrationBean - Mapping filter: 'hiddenHttpMethodFilter' to: [/*]
2019-12-09 14:28:33.139 [localhost-startStop-1] INFO  o.s.boot.web.servlet.FilterRegistrationBean - Mapping filter: 'httpPutFormContentFilter' to: [/*]
2019-12-09 14:28:33.139 [localhost-startStop-1] INFO  o.s.boot.web.servlet.FilterRegistrationBean - Mapping filter: 'requestContextFilter' to: [/*]
2019-12-09 14:28:33.630 [restartedMain] INFO  o.s.w.s.m.m.a.RequestMappingHandlerAdapter - Looking for @ControllerAdvice: org.springframework.boot.context.embedded.AnnotationConfigEmbeddedWebApplicationContext@685249e7: startup date [Mon Dec 09 14:28:31 CST 2019]; root of context hierarchy
2019-12-09 14:28:33.664 [restartedMain] INFO  o.s.w.s.m.m.a.RequestMappingHandlerMapping - Mapped "{[/gene],produces=[application/json;charset=UTF-8]}" onto public java.util.List<big.ac.cn.web.entity.Gene> big.ac.cn.web.controller.GeneController.select(java.lang.String,java.lang.String,java.lang.String)
2019-12-09 14:28:33.666 [restartedMain] INFO  o.s.w.s.m.m.a.RequestMappingHandlerMapping - Mapped "{[/cgwas]}" onto public java.lang.String big.ac.cn.web.controller.IndexController.help(org.springframework.ui.Model)
2019-12-09 14:28:33.666 [restartedMain] INFO  o.s.w.s.m.m.a.RequestMappingHandlerMapping - Mapped "{[/]}" onto public java.lang.String big.ac.cn.web.controller.IndexController.index()
2019-12-09 14:28:33.666 [restartedMain] INFO  o.s.w.s.m.m.a.RequestMappingHandlerMapping - Mapped "{[/test]}" onto public java.lang.String big.ac.cn.web.controller.IndexController.test(org.springframework.ui.Model)
2019-12-09 14:28:33.666 [restartedMain] INFO  o.s.w.s.m.m.a.RequestMappingHandlerMapping - Mapped "{[/results]}" onto public java.lang.String big.ac.cn.web.controller.IndexController.search(org.springframework.ui.Model)
2019-12-09 14:28:33.667 [restartedMain] INFO  o.s.w.s.m.m.a.RequestMappingHandlerMapping - Mapped "{[/canvas]}" onto public java.lang.String big.ac.cn.web.controller.IndexController.can(org.springframework.ui.Model)
2019-12-09 14:28:33.667 [restartedMain] INFO  o.s.w.s.m.m.a.RequestMappingHandlerMapping - Mapped "{[/svg]}" onto public java.lang.String big.ac.cn.web.controller.IndexController.svg(org.springframework.ui.Model)
2019-12-09 14:28:33.667 [restartedMain] INFO  o.s.w.s.m.m.a.RequestMappingHandlerMapping - Mapped "{[/documentation]}" onto public java.lang.String big.ac.cn.web.controller.IndexController.documents(org.springframework.ui.Model)
2019-12-09 14:28:33.667 [restartedMain] INFO  o.s.w.s.m.m.a.RequestMappingHandlerMapping - Mapped "{[/submit]}" onto public java.lang.String big.ac.cn.web.controller.IndexController.browse(org.springframework.ui.Model)
2019-12-09 14:28:33.667 [restartedMain] INFO  o.s.w.s.m.m.a.RequestMappingHandlerMapping - Mapped "{[/demoResults]}" onto public java.lang.String big.ac.cn.web.controller.IndexController.demo(org.springframework.ui.Model)
2019-12-09 14:28:33.667 [restartedMain] INFO  o.s.w.s.m.m.a.RequestMappingHandlerMapping - Mapped "{[/seecgwas]}" onto public java.lang.String big.ac.cn.web.controller.IndexController.cgwas(org.springframework.ui.Model)
2019-12-09 14:28:33.667 [restartedMain] INFO  o.s.w.s.m.m.a.RequestMappingHandlerMapping - Mapped "{[/seechrom]}" onto public java.lang.String big.ac.cn.web.controller.IndexController.download(org.springframework.ui.Model)
2019-12-09 14:28:33.667 [restartedMain] INFO  o.s.w.s.m.m.a.RequestMappingHandlerMapping - Mapped "{[/chrom]}" onto public java.lang.String big.ac.cn.web.controller.IndexController.chr(org.springframework.ui.Model)
2019-12-09 14:28:33.668 [restartedMain] INFO  o.s.w.s.m.m.a.RequestMappingHandlerMapping - Mapped "{[/variant],produces=[application/json;charset=UTF-8]}" onto public java.util.List<big.ac.cn.web.entity.VarInfo> big.ac.cn.web.controller.SearchController.select(java.lang.String,java.lang.String)
2019-12-09 14:28:33.668 [restartedMain] INFO  o.s.w.s.m.m.a.RequestMappingHandlerMapping - Mapped "{[/run]}" onto public java.lang.String big.ac.cn.web.controller.UploadController.upload(org.springframework.ui.ModelMap,org.springframework.web.multipart.MultipartFile,java.lang.String)
2019-12-09 14:28:33.670 [restartedMain] INFO  o.s.w.s.m.m.a.RequestMappingHandlerMapping - Mapped "{[/testBean/testDemo]}" onto public java.lang.String big.ac.cn.web.TestBean.TestDemo()
2019-12-09 14:28:33.672 [restartedMain] INFO  o.s.w.s.m.m.a.RequestMappingHandlerMapping - Mapped "{[/error]}" onto public org.springframework.http.ResponseEntity<java.util.Map<java.lang.String, java.lang.Object>> org.springframework.boot.autoconfigure.web.BasicErrorController.error(javax.servlet.http.HttpServletRequest)
2019-12-09 14:28:33.672 [restartedMain] INFO  o.s.w.s.m.m.a.RequestMappingHandlerMapping - Mapped "{[/error],produces=[text/html]}" onto public org.springframework.web.servlet.ModelAndView org.springframework.boot.autoconfigure.web.BasicErrorController.errorHtml(javax.servlet.http.HttpServletRequest,javax.servlet.http.HttpServletResponse)
2019-12-09 14:28:33.691 [restartedMain] INFO  o.s.web.servlet.handler.SimpleUrlHandlerMapping - Mapped URL path [/file/**] onto handler of type [class org.springframework.web.servlet.resource.ResourceHttpRequestHandler]
2019-12-09 14:28:33.691 [restartedMain] INFO  o.s.web.servlet.handler.SimpleUrlHandlerMapping - Mapped URL path [/webjars/**] onto handler of type [class org.springframework.web.servlet.resource.ResourceHttpRequestHandler]
2019-12-09 14:28:33.691 [restartedMain] INFO  o.s.web.servlet.handler.SimpleUrlHandlerMapping - Mapped URL path [/**] onto handler of type [class org.springframework.web.servlet.resource.ResourceHttpRequestHandler]
2019-12-09 14:28:33.712 [restartedMain] INFO  o.s.web.servlet.handler.SimpleUrlHandlerMapping - Mapped URL path [/**/favicon.ico] onto handler of type [class org.springframework.web.servlet.resource.ResourceHttpRequestHandler]
2019-12-09 14:28:33.875 [restartedMain] INFO  o.s.b.d.autoconfigure.OptionalLiveReloadServer - LiveReload server is running on port 35729
2019-12-09 14:28:33.910 [restartedMain] INFO  o.s.jmx.export.annotation.AnnotationMBeanExporter - Registering beans for JMX exposure on startup
2019-12-09 14:28:33.923 [restartedMain] INFO  org.apache.coyote.http11.Http11NioProtocol - Initializing ProtocolHandler ["http-nio-9800"]
2019-12-09 14:28:33.929 [restartedMain] INFO  org.apache.coyote.http11.Http11NioProtocol - Starting ProtocolHandler ["http-nio-9800"]
2019-12-09 14:28:33.945 [restartedMain] INFO  org.apache.tomcat.util.net.NioSelectorPool - Using a shared selector for servlet write/read
2019-12-09 14:28:33.972 [restartedMain] INFO  o.s.b.c.e.tomcat.TomcatEmbeddedServletContainer - Tomcat started on port(s): 9800 (http)
2019-12-09 14:28:33.976 [restartedMain] INFO  big.ac.cn.web.WebApplication - Started WebApplication in 2.483 seconds (JVM running for 3.25)
2019-12-09 14:28:43.864 [http-nio-9800-exec-1] INFO  org.apache.tomcat.util.http.parser.Cookie - A cookie header was received [1556517082] that contained an invalid cookie. That cookie will be ignored.Note: further occurrences of this error will be logged at DEBUG level.
2019-12-09 14:28:43.868 [http-nio-9800-exec-1] INFO  o.a.c.c.C.[Tomcat].[localhost].[/cgwas] - Initializing Spring FrameworkServlet 'dispatcherServlet'
2019-12-09 14:28:43.868 [http-nio-9800-exec-1] INFO  org.springframework.web.servlet.DispatcherServlet - FrameworkServlet 'dispatcherServlet': initialization started
2019-12-09 14:28:43.878 [http-nio-9800-exec-1] INFO  org.springframework.web.servlet.DispatcherServlet - FrameworkServlet 'dispatcherServlet': initialization completed in 10 ms
2019-12-09 14:30:34.458 [restartedMain] INFO  big.ac.cn.web.WebApplication - Starting WebApplication on DESKTOP-2IIOMS8 with PID 19204 (D:\cgwas201912\web\web\target\classes started by yuanna in D:\cgwas201912\web\web)
2019-12-09 14:30:34.460 [restartedMain] INFO  big.ac.cn.web.WebApplication - No active profile set, falling back to default profiles: default
2019-12-09 14:30:34.508 [restartedMain] INFO  o.s.b.c.e.AnnotationConfigEmbeddedWebApplicationContext - Refreshing org.springframework.boot.context.embedded.AnnotationConfigEmbeddedWebApplicationContext@4d47c08b: startup date [Mon Dec 09 14:30:34 CST 2019]; root of context hierarchy
2019-12-09 14:30:34.605 [background-preinit] INFO  org.hibernate.validator.internal.util.Version - HV000001: Hibernate Validator 5.3.6.Final
2019-12-09 14:30:35.657 [restartedMain] INFO  o.s.b.c.e.tomcat.TomcatEmbeddedServletContainer - Tomcat initialized with port(s): 9800 (http)
2019-12-09 14:30:35.670 [restartedMain] INFO  org.apache.catalina.core.StandardService - Starting service [Tomcat]
2019-12-09 14:30:35.671 [restartedMain] INFO  org.apache.catalina.core.StandardEngine - Starting Servlet Engine: Apache Tomcat/8.5.23
2019-12-09 14:30:35.825 [localhost-startStop-1] INFO  org.apache.jasper.servlet.TldScanner - At least one JAR was scanned for TLDs yet contained no TLDs. Enable debug logging for this logger for a complete list of JARs that were scanned but no TLDs were found in them. Skipping unneeded JARs during scanning can improve startup time and JSP compilation time.
2019-12-09 14:30:35.828 [localhost-startStop-1] INFO  o.a.c.c.C.[Tomcat].[localhost].[/cgwas] - Initializing Spring embedded WebApplicationContext
2019-12-09 14:30:35.829 [localhost-startStop-1] INFO  org.springframework.web.context.ContextLoader - Root WebApplicationContext: initialization completed in 1321 ms
2019-12-09 14:30:35.930 [localhost-startStop-1] INFO  o.s.boot.web.servlet.ServletRegistrationBean - Mapping servlet: 'dispatcherServlet' to [/]
2019-12-09 14:30:35.932 [localhost-startStop-1] INFO  o.s.boot.web.servlet.FilterRegistrationBean - Mapping filter: 'characterEncodingFilter' to: [/*]
2019-12-09 14:30:35.932 [localhost-startStop-1] INFO  o.s.boot.web.servlet.FilterRegistrationBean - Mapping filter: 'hiddenHttpMethodFilter' to: [/*]
2019-12-09 14:30:35.933 [localhost-startStop-1] INFO  o.s.boot.web.servlet.FilterRegistrationBean - Mapping filter: 'httpPutFormContentFilter' to: [/*]
2019-12-09 14:30:35.933 [localhost-startStop-1] INFO  o.s.boot.web.servlet.FilterRegistrationBean - Mapping filter: 'requestContextFilter' to: [/*]
2019-12-09 14:30:36.378 [restartedMain] INFO  o.s.w.s.m.m.a.RequestMappingHandlerAdapter - Looking for @ControllerAdvice: org.springframework.boot.context.embedded.AnnotationConfigEmbeddedWebApplicationContext@4d47c08b: startup date [Mon Dec 09 14:30:34 CST 2019]; root of context hierarchy
2019-12-09 14:30:36.412 [restartedMain] INFO  o.s.w.s.m.m.a.RequestMappingHandlerMapping - Mapped "{[/gene],produces=[application/json;charset=UTF-8]}" onto public java.util.List<big.ac.cn.web.entity.Gene> big.ac.cn.web.controller.GeneController.select(java.lang.String,java.lang.String,java.lang.String)
2019-12-09 14:30:36.414 [restartedMain] INFO  o.s.w.s.m.m.a.RequestMappingHandlerMapping - Mapped "{[/cgwas]}" onto public java.lang.String big.ac.cn.web.controller.IndexController.help(org.springframework.ui.Model)
2019-12-09 14:30:36.414 [restartedMain] INFO  o.s.w.s.m.m.a.RequestMappingHandlerMapping - Mapped "{[/]}" onto public java.lang.String big.ac.cn.web.controller.IndexController.index()
2019-12-09 14:30:36.414 [restartedMain] INFO  o.s.w.s.m.m.a.RequestMappingHandlerMapping - Mapped "{[/test]}" onto public java.lang.String big.ac.cn.web.controller.IndexController.test(org.springframework.ui.Model)
2019-12-09 14:30:36.414 [restartedMain] INFO  o.s.w.s.m.m.a.RequestMappingHandlerMapping - Mapped "{[/results]}" onto public java.lang.String big.ac.cn.web.controller.IndexController.search(org.springframework.ui.Model)
2019-12-09 14:30:36.414 [restartedMain] INFO  o.s.w.s.m.m.a.RequestMappingHandlerMapping - Mapped "{[/seechrom]}" onto public java.lang.String big.ac.cn.web.controller.IndexController.download(org.springframework.ui.Model)
2019-12-09 14:30:36.415 [restartedMain] INFO  o.s.w.s.m.m.a.RequestMappingHandlerMapping - Mapped "{[/submit]}" onto public java.lang.String big.ac.cn.web.controller.IndexController.browse(org.springframework.ui.Model)
2019-12-09 14:30:36.415 [restartedMain] INFO  o.s.w.s.m.m.a.RequestMappingHandlerMapping - Mapped "{[/demoResults]}" onto public java.lang.String big.ac.cn.web.controller.IndexController.demo(org.springframework.ui.Model)
2019-12-09 14:30:36.415 [restartedMain] INFO  o.s.w.s.m.m.a.RequestMappingHandlerMapping - Mapped "{[/canvas]}" onto public java.lang.String big.ac.cn.web.controller.IndexController.can(org.springframework.ui.Model)
2019-12-09 14:30:36.415 [restartedMain] INFO  o.s.w.s.m.m.a.RequestMappingHandlerMapping - Mapped "{[/chrom]}" onto public java.lang.String big.ac.cn.web.controller.IndexController.chr(org.springframework.ui.Model)
2019-12-09 14:30:36.415 [restartedMain] INFO  o.s.w.s.m.m.a.RequestMappingHandlerMapping - Mapped "{[/svg]}" onto public java.lang.String big.ac.cn.web.controller.IndexController.svg(org.springframework.ui.Model)
2019-12-09 14:30:36.415 [restartedMain] INFO  o.s.w.s.m.m.a.RequestMappingHandlerMapping - Mapped "{[/seecgwas]}" onto public java.lang.String big.ac.cn.web.controller.IndexController.cgwas(org.springframework.ui.Model)
2019-12-09 14:30:36.416 [restartedMain] INFO  o.s.w.s.m.m.a.RequestMappingHandlerMapping - Mapped "{[/documentation]}" onto public java.lang.String big.ac.cn.web.controller.IndexController.documents(org.springframework.ui.Model)
2019-12-09 14:30:36.416 [restartedMain] INFO  o.s.w.s.m.m.a.RequestMappingHandlerMapping - Mapped "{[/variant],produces=[application/json;charset=UTF-8]}" onto public java.util.List<big.ac.cn.web.entity.VarInfo> big.ac.cn.web.controller.SearchController.select(java.lang.String,java.lang.String)
2019-12-09 14:30:36.416 [restartedMain] INFO  o.s.w.s.m.m.a.RequestMappingHandlerMapping - Mapped "{[/run]}" onto public java.lang.String big.ac.cn.web.controller.UploadController.upload(org.springframework.ui.ModelMap,org.springframework.web.multipart.MultipartFile,java.lang.String)
2019-12-09 14:30:36.418 [restartedMain] INFO  o.s.w.s.m.m.a.RequestMappingHandlerMapping - Mapped "{[/testBean/testDemo]}" onto public java.lang.String big.ac.cn.web.TestBean.TestDemo()
2019-12-09 14:30:36.420 [restartedMain] INFO  o.s.w.s.m.m.a.RequestMappingHandlerMapping - Mapped "{[/error]}" onto public org.springframework.http.ResponseEntity<java.util.Map<java.lang.String, java.lang.Object>> org.springframework.boot.autoconfigure.web.BasicErrorController.error(javax.servlet.http.HttpServletRequest)
2019-12-09 14:30:36.420 [restartedMain] INFO  o.s.w.s.m.m.a.RequestMappingHandlerMapping - Mapped "{[/error],produces=[text/html]}" onto public org.springframework.web.servlet.ModelAndView org.springframework.boot.autoconfigure.web.BasicErrorController.errorHtml(javax.servlet.http.HttpServletRequest,javax.servlet.http.HttpServletResponse)
2019-12-09 14:30:36.439 [restartedMain] INFO  o.s.web.servlet.handler.SimpleUrlHandlerMapping - Mapped URL path [/file/**] onto handler of type [class org.springframework.web.servlet.resource.ResourceHttpRequestHandler]
2019-12-09 14:30:36.439 [restartedMain] INFO  o.s.web.servlet.handler.SimpleUrlHandlerMapping - Mapped URL path [/webjars/**] onto handler of type [class org.springframework.web.servlet.resource.ResourceHttpRequestHandler]
2019-12-09 14:30:36.439 [restartedMain] INFO  o.s.web.servlet.handler.SimpleUrlHandlerMapping - Mapped URL path [/**] onto handler of type [class org.springframework.web.servlet.resource.ResourceHttpRequestHandler]
2019-12-09 14:30:36.460 [restartedMain] INFO  o.s.web.servlet.handler.SimpleUrlHandlerMapping - Mapped URL path [/**/favicon.ico] onto handler of type [class org.springframework.web.servlet.resource.ResourceHttpRequestHandler]
2019-12-09 14:30:36.622 [restartedMain] INFO  o.s.b.d.autoconfigure.OptionalLiveReloadServer - LiveReload server is running on port 35729
2019-12-09 14:30:36.659 [restartedMain] INFO  o.s.jmx.export.annotation.AnnotationMBeanExporter - Registering beans for JMX exposure on startup
2019-12-09 14:30:36.673 [restartedMain] INFO  org.apache.coyote.http11.Http11NioProtocol - Initializing ProtocolHandler ["http-nio-9800"]
2019-12-09 14:30:36.678 [restartedMain] INFO  org.apache.coyote.http11.Http11NioProtocol - Starting ProtocolHandler ["http-nio-9800"]
2019-12-09 14:30:36.694 [restartedMain] INFO  org.apache.tomcat.util.net.NioSelectorPool - Using a shared selector for servlet write/read
2019-12-09 14:30:36.721 [restartedMain] INFO  o.s.b.c.e.tomcat.TomcatEmbeddedServletContainer - Tomcat started on port(s): 9800 (http)
2019-12-09 14:30:36.724 [restartedMain] INFO  big.ac.cn.web.WebApplication - Started WebApplication in 2.45 seconds (JVM running for 3.219)
2019-12-09 14:30:38.853 [http-nio-9800-exec-1] INFO  org.apache.tomcat.util.http.parser.Cookie - A cookie header was received [1556517082] that contained an invalid cookie. That cookie will be ignored.Note: further occurrences of this error will be logged at DEBUG level.
2019-12-09 14:30:38.859 [http-nio-9800-exec-1] INFO  o.a.c.c.C.[Tomcat].[localhost].[/cgwas] - Initializing Spring FrameworkServlet 'dispatcherServlet'
2019-12-09 14:30:38.859 [http-nio-9800-exec-1] INFO  org.springframework.web.servlet.DispatcherServlet - FrameworkServlet 'dispatcherServlet': initialization started
2019-12-09 14:30:38.871 [http-nio-9800-exec-1] INFO  org.springframework.web.servlet.DispatcherServlet - FrameworkServlet 'dispatcherServlet': initialization completed in 12 ms
2019-12-09 15:52:39.587 [restartedMain] INFO  big.ac.cn.web.WebApplication - Starting WebApplication on DESKTOP-2IIOMS8 with PID 10740 (D:\cgwas201912\web\web\target\classes started by yuanna in D:\cgwas201912\web\web)
2019-12-09 15:52:39.604 [restartedMain] INFO  big.ac.cn.web.WebApplication - No active profile set, falling back to default profiles: default
2019-12-09 15:52:39.748 [restartedMain] INFO  o.s.b.c.e.AnnotationConfigEmbeddedWebApplicationContext - Refreshing org.springframework.boot.context.embedded.AnnotationConfigEmbeddedWebApplicationContext@517be160: startup date [Mon Dec 09 15:52:39 CST 2019]; root of context hierarchy
2019-12-09 15:52:39.964 [background-preinit] INFO  org.hibernate.validator.internal.util.Version - HV000001: Hibernate Validator 5.3.6.Final
2019-12-09 15:52:41.628 [restartedMain] INFO  o.s.b.c.e.tomcat.TomcatEmbeddedServletContainer - Tomcat initialized with port(s): 9800 (http)
2019-12-09 15:52:41.644 [restartedMain] INFO  org.apache.catalina.core.StandardService - Starting service [Tomcat]
2019-12-09 15:52:41.645 [restartedMain] INFO  org.apache.catalina.core.StandardEngine - Starting Servlet Engine: Apache Tomcat/8.5.23
2019-12-09 15:52:41.836 [localhost-startStop-1] INFO  org.apache.jasper.servlet.TldScanner - At least one JAR was scanned for TLDs yet contained no TLDs. Enable debug logging for this logger for a complete list of JARs that were scanned but no TLDs were found in them. Skipping unneeded JARs during scanning can improve startup time and JSP compilation time.
2019-12-09 15:52:41.842 [localhost-startStop-1] INFO  o.a.c.c.C.[Tomcat].[localhost].[/cgwas] - Initializing Spring embedded WebApplicationContext
2019-12-09 15:52:41.842 [localhost-startStop-1] INFO  org.springframework.web.context.ContextLoader - Root WebApplicationContext: initialization completed in 2094 ms
2019-12-09 15:52:41.942 [localhost-startStop-1] INFO  o.s.boot.web.servlet.ServletRegistrationBean - Mapping servlet: 'dispatcherServlet' to [/]
2019-12-09 15:52:41.945 [localhost-startStop-1] INFO  o.s.boot.web.servlet.FilterRegistrationBean - Mapping filter: 'characterEncodingFilter' to: [/*]
2019-12-09 15:52:41.946 [localhost-startStop-1] INFO  o.s.boot.web.servlet.FilterRegistrationBean - Mapping filter: 'hiddenHttpMethodFilter' to: [/*]
2019-12-09 15:52:41.946 [localhost-startStop-1] INFO  o.s.boot.web.servlet.FilterRegistrationBean - Mapping filter: 'httpPutFormContentFilter' to: [/*]
2019-12-09 15:52:41.946 [localhost-startStop-1] INFO  o.s.boot.web.servlet.FilterRegistrationBean - Mapping filter: 'requestContextFilter' to: [/*]
2019-12-09 15:52:42.649 [restartedMain] INFO  o.s.w.s.m.m.a.RequestMappingHandlerAdapter - Looking for @ControllerAdvice: org.springframework.boot.context.embedded.AnnotationConfigEmbeddedWebApplicationContext@517be160: startup date [Mon Dec 09 15:52:39 CST 2019]; root of context hierarchy
2019-12-09 15:52:42.695 [restartedMain] INFO  o.s.w.s.m.m.a.RequestMappingHandlerMapping - Mapped "{[/gene],produces=[application/json;charset=UTF-8]}" onto public java.util.List<big.ac.cn.web.entity.Gene> big.ac.cn.web.controller.GeneController.select(java.lang.String,java.lang.String,java.lang.String)
2019-12-09 15:52:42.698 [restartedMain] INFO  o.s.w.s.m.m.a.RequestMappingHandlerMapping - Mapped "{[/cgwas]}" onto public java.lang.String big.ac.cn.web.controller.IndexController.help(org.springframework.ui.Model)
2019-12-09 15:52:42.698 [restartedMain] INFO  o.s.w.s.m.m.a.RequestMappingHandlerMapping - Mapped "{[/]}" onto public java.lang.String big.ac.cn.web.controller.IndexController.index()
2019-12-09 15:52:42.698 [restartedMain] INFO  o.s.w.s.m.m.a.RequestMappingHandlerMapping - Mapped "{[/test]}" onto public java.lang.String big.ac.cn.web.controller.IndexController.test(org.springframework.ui.Model)
2019-12-09 15:52:42.698 [restartedMain] INFO  o.s.w.s.m.m.a.RequestMappingHandlerMapping - Mapped "{[/results]}" onto public java.lang.String big.ac.cn.web.controller.IndexController.search(org.springframework.ui.Model)
2019-12-09 15:52:42.698 [restartedMain] INFO  o.s.w.s.m.m.a.RequestMappingHandlerMapping - Mapped "{[/canvas]}" onto public java.lang.String big.ac.cn.web.controller.IndexController.can(org.springframework.ui.Model)
2019-12-09 15:52:42.698 [restartedMain] INFO  o.s.w.s.m.m.a.RequestMappingHandlerMapping - Mapped "{[/svg]}" onto public java.lang.String big.ac.cn.web.controller.IndexController.svg(org.springframework.ui.Model)
2019-12-09 15:52:42.698 [restartedMain] INFO  o.s.w.s.m.m.a.RequestMappingHandlerMapping - Mapped "{[/chrom]}" onto public java.lang.String big.ac.cn.web.controller.IndexController.chr(org.springframework.ui.Model)
2019-12-09 15:52:42.699 [restartedMain] INFO  o.s.w.s.m.m.a.RequestMappingHandlerMapping - Mapped "{[/submit]}" onto public java.lang.String big.ac.cn.web.controller.IndexController.browse(org.springframework.ui.Model)
2019-12-09 15:52:42.699 [restartedMain] INFO  o.s.w.s.m.m.a.RequestMappingHandlerMapping - Mapped "{[/demoResults]}" onto public java.lang.String big.ac.cn.web.controller.IndexController.demo(org.springframework.ui.Model)
2019-12-09 15:52:42.699 [restartedMain] INFO  o.s.w.s.m.m.a.RequestMappingHandlerMapping - Mapped "{[/seecgwas]}" onto public java.lang.String big.ac.cn.web.controller.IndexController.cgwas(org.springframework.ui.Model)
2019-12-09 15:52:42.699 [restartedMain] INFO  o.s.w.s.m.m.a.RequestMappingHandlerMapping - Mapped "{[/documentation]}" onto public java.lang.String big.ac.cn.web.controller.IndexController.documents(org.springframework.ui.Model)
2019-12-09 15:52:42.699 [restartedMain] INFO  o.s.w.s.m.m.a.RequestMappingHandlerMapping - Mapped "{[/seechrom]}" onto public java.lang.String big.ac.cn.web.controller.IndexController.download(org.springframework.ui.Model)
2019-12-09 15:52:42.700 [restartedMain] INFO  o.s.w.s.m.m.a.RequestMappingHandlerMapping - Mapped "{[/variant],produces=[application/json;charset=UTF-8]}" onto public java.util.List<big.ac.cn.web.entity.VarInfo> big.ac.cn.web.controller.SearchController.select(java.lang.String,java.lang.String)
2019-12-09 15:52:42.700 [restartedMain] INFO  o.s.w.s.m.m.a.RequestMappingHandlerMapping - Mapped "{[/run]}" onto public java.lang.String big.ac.cn.web.controller.UploadController.upload(org.springframework.ui.ModelMap,org.springframework.web.multipart.MultipartFile,java.lang.String)
2019-12-09 15:52:42.702 [restartedMain] INFO  o.s.w.s.m.m.a.RequestMappingHandlerMapping - Mapped "{[/testBean/testDemo]}" onto public java.lang.String big.ac.cn.web.TestBean.TestDemo()
2019-12-09 15:52:42.704 [restartedMain] INFO  o.s.w.s.m.m.a.RequestMappingHandlerMapping - Mapped "{[/error]}" onto public org.springframework.http.ResponseEntity<java.util.Map<java.lang.String, java.lang.Object>> org.springframework.boot.autoconfigure.web.BasicErrorController.error(javax.servlet.http.HttpServletRequest)
2019-12-09 15:52:42.705 [restartedMain] INFO  o.s.w.s.m.m.a.RequestMappingHandlerMapping - Mapped "{[/error],produces=[text/html]}" onto public org.springframework.web.servlet.ModelAndView org.springframework.boot.autoconfigure.web.BasicErrorController.errorHtml(javax.servlet.http.HttpServletRequest,javax.servlet.http.HttpServletResponse)
2019-12-09 15:52:42.727 [restartedMain] INFO  o.s.web.servlet.handler.SimpleUrlHandlerMapping - Mapped URL path [/file/**] onto handler of type [class org.springframework.web.servlet.resource.ResourceHttpRequestHandler]
2019-12-09 15:52:42.728 [restartedMain] INFO  o.s.web.servlet.handler.SimpleUrlHandlerMapping - Mapped URL path [/webjars/**] onto handler of type [class org.springframework.web.servlet.resource.ResourceHttpRequestHandler]
2019-12-09 15:52:42.728 [restartedMain] INFO  o.s.web.servlet.handler.SimpleUrlHandlerMapping - Mapped URL path [/**] onto handler of type [class org.springframework.web.servlet.resource.ResourceHttpRequestHandler]
2019-12-09 15:52:42.763 [restartedMain] INFO  o.s.web.servlet.handler.SimpleUrlHandlerMapping - Mapped URL path [/**/favicon.ico] onto handler of type [class org.springframework.web.servlet.resource.ResourceHttpRequestHandler]
2019-12-09 15:52:43.611 [restartedMain] INFO  o.s.b.d.autoconfigure.OptionalLiveReloadServer - LiveReload server is running on port 35729
2019-12-09 15:52:43.655 [restartedMain] INFO  o.s.jmx.export.annotation.AnnotationMBeanExporter - Registering beans for JMX exposure on startup
2019-12-09 15:52:43.686 [restartedMain] INFO  org.apache.coyote.http11.Http11NioProtocol - Initializing ProtocolHandler ["http-nio-9800"]
2019-12-09 15:52:43.692 [restartedMain] INFO  org.apache.coyote.http11.Http11NioProtocol - Starting ProtocolHandler ["http-nio-9800"]
2019-12-09 15:52:43.708 [restartedMain] INFO  org.apache.tomcat.util.net.NioSelectorPool - Using a shared selector for servlet write/read
2019-12-09 15:52:43.775 [restartedMain] INFO  o.s.b.c.e.tomcat.TomcatEmbeddedServletContainer - Tomcat started on port(s): 9800 (http)
2019-12-09 15:52:43.778 [restartedMain] INFO  big.ac.cn.web.WebApplication - Started WebApplication in 4.57 seconds (JVM running for 6.688)
2019-12-09 15:52:54.057 [http-nio-9800-exec-1] INFO  org.apache.tomcat.util.http.parser.Cookie - A cookie header was received [1556517082] that contained an invalid cookie. That cookie will be ignored.Note: further occurrences of this error will be logged at DEBUG level.
2019-12-09 15:52:54.063 [http-nio-9800-exec-1] INFO  o.a.c.c.C.[Tomcat].[localhost].[/cgwas] - Initializing Spring FrameworkServlet 'dispatcherServlet'
2019-12-09 15:52:54.063 [http-nio-9800-exec-1] INFO  org.springframework.web.servlet.DispatcherServlet - FrameworkServlet 'dispatcherServlet': initialization started
2019-12-09 15:52:54.085 [http-nio-9800-exec-1] INFO  org.springframework.web.servlet.DispatcherServlet - FrameworkServlet 'dispatcherServlet': initialization completed in 22 ms
2019-12-09 16:32:11.101 [restartedMain] INFO  big.ac.cn.web.WebApplication - Starting WebApplication on DESKTOP-2IIOMS8 with PID 19484 (D:\cgwas201912\web\web\target\classes started by yuanna in D:\cgwas201912\web\web)
2019-12-09 16:32:11.105 [restartedMain] INFO  big.ac.cn.web.WebApplication - No active profile set, falling back to default profiles: default
2019-12-09 16:32:11.174 [restartedMain] INFO  o.s.b.c.e.AnnotationConfigEmbeddedWebApplicationContext - Refreshing org.springframework.boot.context.embedded.AnnotationConfigEmbeddedWebApplicationContext@685249e7: startup date [Mon Dec 09 16:32:11 CST 2019]; root of context hierarchy
2019-12-09 16:32:11.352 [background-preinit] INFO  org.hibernate.validator.internal.util.Version - HV000001: Hibernate Validator 5.3.6.Final
2019-12-09 16:32:12.626 [restartedMain] INFO  o.s.b.c.e.tomcat.TomcatEmbeddedServletContainer - Tomcat initialized with port(s): 9800 (http)
2019-12-09 16:32:12.638 [restartedMain] INFO  org.apache.catalina.core.StandardService - Starting service [Tomcat]
2019-12-09 16:32:12.639 [restartedMain] INFO  org.apache.catalina.core.StandardEngine - Starting Servlet Engine: Apache Tomcat/8.5.23
2019-12-09 16:32:12.818 [localhost-startStop-1] INFO  org.apache.jasper.servlet.TldScanner - At least one JAR was scanned for TLDs yet contained no TLDs. Enable debug logging for this logger for a complete list of JARs that were scanned but no TLDs were found in them. Skipping unneeded JARs during scanning can improve startup time and JSP compilation time.
2019-12-09 16:32:12.822 [localhost-startStop-1] INFO  o.a.c.c.C.[Tomcat].[localhost].[/cgwas] - Initializing Spring embedded WebApplicationContext
2019-12-09 16:32:12.822 [localhost-startStop-1] INFO  org.springframework.web.context.ContextLoader - Root WebApplicationContext: initialization completed in 1649 ms
2019-12-09 16:32:12.968 [localhost-startStop-1] INFO  o.s.boot.web.servlet.ServletRegistrationBean - Mapping servlet: 'dispatcherServlet' to [/]
2019-12-09 16:32:12.971 [localhost-startStop-1] INFO  o.s.boot.web.servlet.FilterRegistrationBean - Mapping filter: 'characterEncodingFilter' to: [/*]
2019-12-09 16:32:12.971 [localhost-startStop-1] INFO  o.s.boot.web.servlet.FilterRegistrationBean - Mapping filter: 'hiddenHttpMethodFilter' to: [/*]
2019-12-09 16:32:12.972 [localhost-startStop-1] INFO  o.s.boot.web.servlet.FilterRegistrationBean - Mapping filter: 'httpPutFormContentFilter' to: [/*]
2019-12-09 16:32:12.972 [localhost-startStop-1] INFO  o.s.boot.web.servlet.FilterRegistrationBean - Mapping filter: 'requestContextFilter' to: [/*]
2019-12-09 16:32:13.630 [restartedMain] INFO  o.s.w.s.m.m.a.RequestMappingHandlerAdapter - Looking for @ControllerAdvice: org.springframework.boot.context.embedded.AnnotationConfigEmbeddedWebApplicationContext@685249e7: startup date [Mon Dec 09 16:32:11 CST 2019]; root of context hierarchy
2019-12-09 16:32:13.673 [restartedMain] INFO  o.s.w.s.m.m.a.RequestMappingHandlerMapping - Mapped "{[/gene],produces=[application/json;charset=UTF-8]}" onto public java.util.List<big.ac.cn.web.entity.Gene> big.ac.cn.web.controller.GeneController.select(java.lang.String,java.lang.String,java.lang.String)
2019-12-09 16:32:13.675 [restartedMain] INFO  o.s.w.s.m.m.a.RequestMappingHandlerMapping - Mapped "{[/cgwas]}" onto public java.lang.String big.ac.cn.web.controller.IndexController.help(org.springframework.ui.Model)
2019-12-09 16:32:13.675 [restartedMain] INFO  o.s.w.s.m.m.a.RequestMappingHandlerMapping - Mapped "{[/]}" onto public java.lang.String big.ac.cn.web.controller.IndexController.index()
2019-12-09 16:32:13.675 [restartedMain] INFO  o.s.w.s.m.m.a.RequestMappingHandlerMapping - Mapped "{[/test]}" onto public java.lang.String big.ac.cn.web.controller.IndexController.test(org.springframework.ui.Model)
2019-12-09 16:32:13.675 [restartedMain] INFO  o.s.w.s.m.m.a.RequestMappingHandlerMapping - Mapped "{[/results]}" onto public java.lang.String big.ac.cn.web.controller.IndexController.search(org.springframework.ui.Model)
2019-12-09 16:32:13.675 [restartedMain] INFO  o.s.w.s.m.m.a.RequestMappingHandlerMapping - Mapped "{[/canvas]}" onto public java.lang.String big.ac.cn.web.controller.IndexController.can(org.springframework.ui.Model)
2019-12-09 16:32:13.675 [restartedMain] INFO  o.s.w.s.m.m.a.RequestMappingHandlerMapping - Mapped "{[/svg]}" onto public java.lang.String big.ac.cn.web.controller.IndexController.svg(org.springframework.ui.Model)
2019-12-09 16:32:13.676 [restartedMain] INFO  o.s.w.s.m.m.a.RequestMappingHandlerMapping - Mapped "{[/seechrom]}" onto public java.lang.String big.ac.cn.web.controller.IndexController.download(org.springframework.ui.Model)
2019-12-09 16:32:13.676 [restartedMain] INFO  o.s.w.s.m.m.a.RequestMappingHandlerMapping - Mapped "{[/submit]}" onto public java.lang.String big.ac.cn.web.controller.IndexController.browse(org.springframework.ui.Model)
2019-12-09 16:32:13.676 [restartedMain] INFO  o.s.w.s.m.m.a.RequestMappingHandlerMapping - Mapped "{[/demoResults]}" onto public java.lang.String big.ac.cn.web.controller.IndexController.demo(org.springframework.ui.Model)
2019-12-09 16:32:13.676 [restartedMain] INFO  o.s.w.s.m.m.a.RequestMappingHandlerMapping - Mapped "{[/documentation]}" onto public java.lang.String big.ac.cn.web.controller.IndexController.documents(org.springframework.ui.Model)
2019-12-09 16:32:13.676 [restartedMain] INFO  o.s.w.s.m.m.a.RequestMappingHandlerMapping - Mapped "{[/chrom]}" onto public java.lang.String big.ac.cn.web.controller.IndexController.chr(org.springframework.ui.Model)
2019-12-09 16:32:13.677 [restartedMain] INFO  o.s.w.s.m.m.a.RequestMappingHandlerMapping - Mapped "{[/seecgwas]}" onto public java.lang.String big.ac.cn.web.controller.IndexController.cgwas(org.springframework.ui.Model)
2019-12-09 16:32:13.677 [restartedMain] INFO  o.s.w.s.m.m.a.RequestMappingHandlerMapping - Mapped "{[/variant],produces=[application/json;charset=UTF-8]}" onto public java.util.List<big.ac.cn.web.entity.VarInfo> big.ac.cn.web.controller.SearchController.select(java.lang.String,java.lang.String)
2019-12-09 16:32:13.678 [restartedMain] INFO  o.s.w.s.m.m.a.RequestMappingHandlerMapping - Mapped "{[/run]}" onto public java.lang.String big.ac.cn.web.controller.UploadController.upload(org.springframework.ui.ModelMap,org.springframework.web.multipart.MultipartFile,java.lang.String)
2019-12-09 16:32:13.680 [restartedMain] INFO  o.s.w.s.m.m.a.RequestMappingHandlerMapping - Mapped "{[/testBean/testDemo]}" onto public java.lang.String big.ac.cn.web.TestBean.TestDemo()
2019-12-09 16:32:13.681 [restartedMain] INFO  o.s.w.s.m.m.a.RequestMappingHandlerMapping - Mapped "{[/error]}" onto public org.springframework.http.ResponseEntity<java.util.Map<java.lang.String, java.lang.Object>> org.springframework.boot.autoconfigure.web.BasicErrorController.error(javax.servlet.http.HttpServletRequest)
2019-12-09 16:32:13.681 [restartedMain] INFO  o.s.w.s.m.m.a.RequestMappingHandlerMapping - Mapped "{[/error],produces=[text/html]}" onto public org.springframework.web.servlet.ModelAndView org.springframework.boot.autoconfigure.web.BasicErrorController.errorHtml(javax.servlet.http.HttpServletRequest,javax.servlet.http.HttpServletResponse)
2019-12-09 16:32:13.702 [restartedMain] INFO  o.s.web.servlet.handler.SimpleUrlHandlerMapping - Mapped URL path [/file/**] onto handler of type [class org.springframework.web.servlet.resource.ResourceHttpRequestHandler]
2019-12-09 16:32:13.702 [restartedMain] INFO  o.s.web.servlet.handler.SimpleUrlHandlerMapping - Mapped URL path [/webjars/**] onto handler of type [class org.springframework.web.servlet.resource.ResourceHttpRequestHandler]
2019-12-09 16:32:13.702 [restartedMain] INFO  o.s.web.servlet.handler.SimpleUrlHandlerMapping - Mapped URL path [/**] onto handler of type [class org.springframework.web.servlet.resource.ResourceHttpRequestHandler]
2019-12-09 16:32:13.725 [restartedMain] INFO  o.s.web.servlet.handler.SimpleUrlHandlerMapping - Mapped URL path [/**/favicon.ico] onto handler of type [class org.springframework.web.servlet.resource.ResourceHttpRequestHandler]
2019-12-09 16:32:13.916 [restartedMain] INFO  o.s.b.d.autoconfigure.OptionalLiveReloadServer - LiveReload server is running on port 35729
2019-12-09 16:32:13.951 [restartedMain] INFO  o.s.jmx.export.annotation.AnnotationMBeanExporter - Registering beans for JMX exposure on startup
2019-12-09 16:32:13.966 [restartedMain] INFO  org.apache.coyote.http11.Http11NioProtocol - Initializing ProtocolHandler ["http-nio-9800"]
2019-12-09 16:32:13.972 [restartedMain] INFO  org.apache.coyote.http11.Http11NioProtocol - Starting ProtocolHandler ["http-nio-9800"]
2019-12-09 16:32:13.987 [restartedMain] INFO  org.apache.tomcat.util.net.NioSelectorPool - Using a shared selector for servlet write/read
2019-12-09 16:32:14.023 [restartedMain] INFO  o.s.b.c.e.tomcat.TomcatEmbeddedServletContainer - Tomcat started on port(s): 9800 (http)
2019-12-09 16:32:14.027 [restartedMain] INFO  big.ac.cn.web.WebApplication - Started WebApplication in 3.178 seconds (JVM running for 4.612)
2019-12-09 16:32:15.916 [http-nio-9800-exec-1] INFO  org.apache.tomcat.util.http.parser.Cookie - A cookie header was received [1556517082] that contained an invalid cookie. That cookie will be ignored.Note: further occurrences of this error will be logged at DEBUG level.
2019-12-09 16:32:15.923 [http-nio-9800-exec-1] INFO  o.a.c.c.C.[Tomcat].[localhost].[/cgwas] - Initializing Spring FrameworkServlet 'dispatcherServlet'
2019-12-09 16:32:15.923 [http-nio-9800-exec-1] INFO  org.springframework.web.servlet.DispatcherServlet - FrameworkServlet 'dispatcherServlet': initialization started
2019-12-09 16:32:15.939 [http-nio-9800-exec-1] INFO  org.springframework.web.servlet.DispatcherServlet - FrameworkServlet 'dispatcherServlet': initialization completed in 16 ms
