2019-12-11 11:36:50.280 [restartedMain] INFO  big.ac.cn.web.WebApplication - Starting WebApplication on DESKTOP-2IIOMS8 with PID 24564 (D:\cgwas201912\web\web\target\classes started by yuanna in D:\cgwas201912\web\web)
2019-12-11 11:36:50.283 [restartedMain] INFO  big.ac.cn.web.WebApplication - No active profile set, falling back to default profiles: default
2019-12-11 11:36:50.414 [restartedMain] INFO  o.s.b.c.e.AnnotationConfigEmbeddedWebApplicationContext - Refreshing org.springframework.boot.context.embedded.AnnotationConfigEmbeddedWebApplicationContext@2fa5b2ee: startup date [Wed Dec 11 11:36:50 CST 2019]; root of context hierarchy
2019-12-11 11:36:50.585 [background-preinit] INFO  org.hibernate.validator.internal.util.Version - HV000001: Hibernate Validator 5.3.6.Final
2019-12-11 11:36:52.352 [restartedMain] INFO  o.s.b.c.e.tomcat.TomcatEmbeddedServletContainer - Tomcat initialized with port(s): 9800 (http)
2019-12-11 11:36:52.371 [restartedMain] INFO  org.apache.catalina.core.StandardService - Starting service [Tomcat]
2019-12-11 11:36:52.372 [restartedMain] INFO  org.apache.catalina.core.StandardEngine - Starting Servlet Engine: Apache Tomcat/8.5.23
2019-12-11 11:36:52.601 [localhost-startStop-1] INFO  org.apache.jasper.servlet.TldScanner - At least one JAR was scanned for TLDs yet contained no TLDs. Enable debug logging for this logger for a complete list of JARs that were scanned but no TLDs were found in them. Skipping unneeded JARs during scanning can improve startup time and JSP compilation time.
2019-12-11 11:36:52.606 [localhost-startStop-1] INFO  o.a.c.c.C.[Tomcat].[localhost].[/cgwas] - Initializing Spring embedded WebApplicationContext
2019-12-11 11:36:52.607 [localhost-startStop-1] INFO  org.springframework.web.context.ContextLoader - Root WebApplicationContext: initialization completed in 2193 ms
2019-12-11 11:36:52.745 [localhost-startStop-1] INFO  o.s.boot.web.servlet.ServletRegistrationBean - Mapping servlet: 'dispatcherServlet' to [/]
2019-12-11 11:36:52.748 [localhost-startStop-1] INFO  o.s.boot.web.servlet.FilterRegistrationBean - Mapping filter: 'characterEncodingFilter' to: [/*]
2019-12-11 11:36:52.748 [localhost-startStop-1] INFO  o.s.boot.web.servlet.FilterRegistrationBean - Mapping filter: 'hiddenHttpMethodFilter' to: [/*]
2019-12-11 11:36:52.748 [localhost-startStop-1] INFO  o.s.boot.web.servlet.FilterRegistrationBean - Mapping filter: 'httpPutFormContentFilter' to: [/*]
2019-12-11 11:36:52.748 [localhost-startStop-1] INFO  o.s.boot.web.servlet.FilterRegistrationBean - Mapping filter: 'requestContextFilter' to: [/*]
2019-12-11 11:36:53.590 [restartedMain] INFO  o.s.w.s.m.m.a.RequestMappingHandlerAdapter - Looking for @ControllerAdvice: org.springframework.boot.context.embedded.AnnotationConfigEmbeddedWebApplicationContext@2fa5b2ee: startup date [Wed Dec 11 11:36:50 CST 2019]; root of context hierarchy
2019-12-11 11:36:53.643 [restartedMain] INFO  o.s.w.s.m.m.a.RequestMappingHandlerMapping - Mapped "{[/gene],produces=[application/json;charset=UTF-8]}" onto public java.util.List<big.ac.cn.web.entity.Gene> big.ac.cn.web.controller.GeneController.select(java.lang.String,java.lang.String,java.lang.String)
2019-12-11 11:36:53.645 [restartedMain] INFO  o.s.w.s.m.m.a.RequestMappingHandlerMapping - Mapped "{[/cgwas]}" onto public java.lang.String big.ac.cn.web.controller.IndexController.help(org.springframework.ui.Model)
2019-12-11 11:36:53.645 [restartedMain] INFO  o.s.w.s.m.m.a.RequestMappingHandlerMapping - Mapped "{[/]}" onto public java.lang.String big.ac.cn.web.controller.IndexController.index()
2019-12-11 11:36:53.645 [restartedMain] INFO  o.s.w.s.m.m.a.RequestMappingHandlerMapping - Mapped "{[/test]}" onto public java.lang.String big.ac.cn.web.controller.IndexController.test(org.springframework.ui.Model)
2019-12-11 11:36:53.645 [restartedMain] INFO  o.s.w.s.m.m.a.RequestMappingHandlerMapping - Mapped "{[/results]}" onto public java.lang.String big.ac.cn.web.controller.IndexController.search(org.springframework.ui.Model)
2019-12-11 11:36:53.646 [restartedMain] INFO  o.s.w.s.m.m.a.RequestMappingHandlerMapping - Mapped "{[/canvas]}" onto public java.lang.String big.ac.cn.web.controller.IndexController.can(org.springframework.ui.Model)
2019-12-11 11:36:53.646 [restartedMain] INFO  o.s.w.s.m.m.a.RequestMappingHandlerMapping - Mapped "{[/svg]}" onto public java.lang.String big.ac.cn.web.controller.IndexController.svg(org.springframework.ui.Model)
2019-12-11 11:36:53.646 [restartedMain] INFO  o.s.w.s.m.m.a.RequestMappingHandlerMapping - Mapped "{[/chrom]}" onto public java.lang.String big.ac.cn.web.controller.IndexController.chr(org.springframework.ui.Model)
2019-12-11 11:36:53.647 [restartedMain] INFO  o.s.w.s.m.m.a.RequestMappingHandlerMapping - Mapped "{[/seecgwas]}" onto public java.lang.String big.ac.cn.web.controller.IndexController.cgwas(org.springframework.ui.Model)
2019-12-11 11:36:53.647 [restartedMain] INFO  o.s.w.s.m.m.a.RequestMappingHandlerMapping - Mapped "{[/documentation]}" onto public java.lang.String big.ac.cn.web.controller.IndexController.documents(org.springframework.ui.Model)
2019-12-11 11:36:53.647 [restartedMain] INFO  o.s.w.s.m.m.a.RequestMappingHandlerMapping - Mapped "{[/seechrom]}" onto public java.lang.String big.ac.cn.web.controller.IndexController.download(org.springframework.ui.Model)
2019-12-11 11:36:53.647 [restartedMain] INFO  o.s.w.s.m.m.a.RequestMappingHandlerMapping - Mapped "{[/demoResults]}" onto public java.lang.String big.ac.cn.web.controller.IndexController.demo(org.springframework.ui.Model)
2019-12-11 11:36:53.648 [restartedMain] INFO  o.s.w.s.m.m.a.RequestMappingHandlerMapping - Mapped "{[/submit]}" onto public java.lang.String big.ac.cn.web.controller.IndexController.browse(org.springframework.ui.Model)
2019-12-11 11:36:53.648 [restartedMain] INFO  o.s.w.s.m.m.a.RequestMappingHandlerMapping - Mapped "{[/variant],produces=[application/json;charset=UTF-8]}" onto public java.util.List<big.ac.cn.web.entity.VarInfo> big.ac.cn.web.controller.SearchController.select(java.lang.String,java.lang.String)
2019-12-11 11:36:53.649 [restartedMain] INFO  o.s.w.s.m.m.a.RequestMappingHandlerMapping - Mapped "{[/run]}" onto public java.lang.String big.ac.cn.web.controller.UploadController.upload(org.springframework.ui.ModelMap,org.springframework.web.multipart.MultipartFile,java.lang.String)
2019-12-11 11:36:53.651 [restartedMain] INFO  o.s.w.s.m.m.a.RequestMappingHandlerMapping - Mapped "{[/testBean/testDemo]}" onto public java.lang.String big.ac.cn.web.TestBean.TestDemo()
2019-12-11 11:36:53.654 [restartedMain] INFO  o.s.w.s.m.m.a.RequestMappingHandlerMapping - Mapped "{[/error]}" onto public org.springframework.http.ResponseEntity<java.util.Map<java.lang.String, java.lang.Object>> org.springframework.boot.autoconfigure.web.BasicErrorController.error(javax.servlet.http.HttpServletRequest)
2019-12-11 11:36:53.654 [restartedMain] INFO  o.s.w.s.m.m.a.RequestMappingHandlerMapping - Mapped "{[/error],produces=[text/html]}" onto public org.springframework.web.servlet.ModelAndView org.springframework.boot.autoconfigure.web.BasicErrorController.errorHtml(javax.servlet.http.HttpServletRequest,javax.servlet.http.HttpServletResponse)
2019-12-11 11:36:53.676 [restartedMain] INFO  o.s.web.servlet.handler.SimpleUrlHandlerMapping - Mapped URL path [/file/**] onto handler of type [class org.springframework.web.servlet.resource.ResourceHttpRequestHandler]
2019-12-11 11:36:53.677 [restartedMain] INFO  o.s.web.servlet.handler.SimpleUrlHandlerMapping - Mapped URL path [/webjars/**] onto handler of type [class org.springframework.web.servlet.resource.ResourceHttpRequestHandler]
2019-12-11 11:36:53.677 [restartedMain] INFO  o.s.web.servlet.handler.SimpleUrlHandlerMapping - Mapped URL path [/**] onto handler of type [class org.springframework.web.servlet.resource.ResourceHttpRequestHandler]
2019-12-11 11:36:53.714 [restartedMain] INFO  o.s.web.servlet.handler.SimpleUrlHandlerMapping - Mapped URL path [/**/favicon.ico] onto handler of type [class org.springframework.web.servlet.resource.ResourceHttpRequestHandler]
2019-12-11 11:36:53.980 [restartedMain] INFO  o.s.b.d.autoconfigure.OptionalLiveReloadServer - LiveReload server is running on port 35729
2019-12-11 11:36:54.015 [restartedMain] INFO  o.s.jmx.export.annotation.AnnotationMBeanExporter - Registering beans for JMX exposure on startup
2019-12-11 11:36:54.030 [restartedMain] INFO  org.apache.coyote.http11.Http11NioProtocol - Initializing ProtocolHandler ["http-nio-9800"]
2019-12-11 11:36:54.038 [restartedMain] INFO  org.apache.coyote.http11.Http11NioProtocol - Starting ProtocolHandler ["http-nio-9800"]
2019-12-11 11:36:54.054 [restartedMain] INFO  org.apache.tomcat.util.net.NioSelectorPool - Using a shared selector for servlet write/read
2019-12-11 11:36:54.091 [restartedMain] INFO  o.s.b.c.e.tomcat.TomcatEmbeddedServletContainer - Tomcat started on port(s): 9800 (http)
2019-12-11 11:36:54.094 [restartedMain] INFO  big.ac.cn.web.WebApplication - Started WebApplication in 4.125 seconds (JVM running for 6.355)
2019-12-11 11:38:18.785 [http-nio-9800-exec-2] INFO  org.apache.tomcat.util.http.parser.Cookie - A cookie header was received [1556517082] that contained an invalid cookie. That cookie will be ignored.Note: further occurrences of this error will be logged at DEBUG level.
2019-12-11 11:38:18.791 [http-nio-9800-exec-2] INFO  o.a.c.c.C.[Tomcat].[localhost].[/cgwas] - Initializing Spring FrameworkServlet 'dispatcherServlet'
2019-12-11 11:38:18.792 [http-nio-9800-exec-2] INFO  org.springframework.web.servlet.DispatcherServlet - FrameworkServlet 'dispatcherServlet': initialization started
2019-12-11 11:38:18.804 [http-nio-9800-exec-2] INFO  org.springframework.web.servlet.DispatcherServlet - FrameworkServlet 'dispatcherServlet': initialization completed in 12 ms
2019-12-11 11:47:20.028 [restartedMain] INFO  big.ac.cn.web.WebApplication - Starting WebApplication on DESKTOP-2IIOMS8 with PID 23876 (D:\cgwas201912\web\web\target\classes started by yuanna in D:\cgwas201912\web\web)
2019-12-11 11:47:20.030 [restartedMain] INFO  big.ac.cn.web.WebApplication - No active profile set, falling back to default profiles: default
2019-12-11 11:47:20.075 [restartedMain] INFO  o.s.b.c.e.AnnotationConfigEmbeddedWebApplicationContext - Refreshing org.springframework.boot.context.embedded.AnnotationConfigEmbeddedWebApplicationContext@3922e720: startup date [Wed Dec 11 11:47:20 CST 2019]; root of context hierarchy
2019-12-11 11:47:20.170 [background-preinit] INFO  org.hibernate.validator.internal.util.Version - HV000001: Hibernate Validator 5.3.6.Final
2019-12-11 11:47:21.202 [restartedMain] INFO  o.s.b.c.e.tomcat.TomcatEmbeddedServletContainer - Tomcat initialized with port(s): 9800 (http)
2019-12-11 11:47:21.214 [restartedMain] INFO  org.apache.catalina.core.StandardService - Starting service [Tomcat]
2019-12-11 11:47:21.215 [restartedMain] INFO  org.apache.catalina.core.StandardEngine - Starting Servlet Engine: Apache Tomcat/8.5.23
2019-12-11 11:47:21.369 [localhost-startStop-1] INFO  org.apache.jasper.servlet.TldScanner - At least one JAR was scanned for TLDs yet contained no TLDs. Enable debug logging for this logger for a complete list of JARs that were scanned but no TLDs were found in them. Skipping unneeded JARs during scanning can improve startup time and JSP compilation time.
2019-12-11 11:47:21.372 [localhost-startStop-1] INFO  o.a.c.c.C.[Tomcat].[localhost].[/cgwas] - Initializing Spring embedded WebApplicationContext
2019-12-11 11:47:21.373 [localhost-startStop-1] INFO  org.springframework.web.context.ContextLoader - Root WebApplicationContext: initialization completed in 1298 ms
2019-12-11 11:47:21.478 [localhost-startStop-1] INFO  o.s.boot.web.servlet.ServletRegistrationBean - Mapping servlet: 'dispatcherServlet' to [/]
2019-12-11 11:47:21.481 [localhost-startStop-1] INFO  o.s.boot.web.servlet.FilterRegistrationBean - Mapping filter: 'characterEncodingFilter' to: [/*]
2019-12-11 11:47:21.481 [localhost-startStop-1] INFO  o.s.boot.web.servlet.FilterRegistrationBean - Mapping filter: 'hiddenHttpMethodFilter' to: [/*]
2019-12-11 11:47:21.481 [localhost-startStop-1] INFO  o.s.boot.web.servlet.FilterRegistrationBean - Mapping filter: 'httpPutFormContentFilter' to: [/*]
2019-12-11 11:47:21.481 [localhost-startStop-1] INFO  o.s.boot.web.servlet.FilterRegistrationBean - Mapping filter: 'requestContextFilter' to: [/*]
2019-12-11 11:47:21.984 [restartedMain] INFO  o.s.w.s.m.m.a.RequestMappingHandlerAdapter - Looking for @ControllerAdvice: org.springframework.boot.context.embedded.AnnotationConfigEmbeddedWebApplicationContext@3922e720: startup date [Wed Dec 11 11:47:20 CST 2019]; root of context hierarchy
2019-12-11 11:47:22.019 [restartedMain] INFO  o.s.w.s.m.m.a.RequestMappingHandlerMapping - Mapped "{[/gene],produces=[application/json;charset=UTF-8]}" onto public java.util.List<big.ac.cn.web.entity.Gene> big.ac.cn.web.controller.GeneController.select(java.lang.String,java.lang.String,java.lang.String)
2019-12-11 11:47:22.021 [restartedMain] INFO  o.s.w.s.m.m.a.RequestMappingHandlerMapping - Mapped "{[/cgwas]}" onto public java.lang.String big.ac.cn.web.controller.IndexController.help(org.springframework.ui.Model)
2019-12-11 11:47:22.021 [restartedMain] INFO  o.s.w.s.m.m.a.RequestMappingHandlerMapping - Mapped "{[/]}" onto public java.lang.String big.ac.cn.web.controller.IndexController.index()
2019-12-11 11:47:22.021 [restartedMain] INFO  o.s.w.s.m.m.a.RequestMappingHandlerMapping - Mapped "{[/test]}" onto public java.lang.String big.ac.cn.web.controller.IndexController.test(org.springframework.ui.Model)
2019-12-11 11:47:22.022 [restartedMain] INFO  o.s.w.s.m.m.a.RequestMappingHandlerMapping - Mapped "{[/results]}" onto public java.lang.String big.ac.cn.web.controller.IndexController.search(org.springframework.ui.Model)
2019-12-11 11:47:22.022 [restartedMain] INFO  o.s.w.s.m.m.a.RequestMappingHandlerMapping - Mapped "{[/canvas]}" onto public java.lang.String big.ac.cn.web.controller.IndexController.can(org.springframework.ui.Model)
2019-12-11 11:47:22.022 [restartedMain] INFO  o.s.w.s.m.m.a.RequestMappingHandlerMapping - Mapped "{[/svg]}" onto public java.lang.String big.ac.cn.web.controller.IndexController.svg(org.springframework.ui.Model)
2019-12-11 11:47:22.022 [restartedMain] INFO  o.s.w.s.m.m.a.RequestMappingHandlerMapping - Mapped "{[/chrom]}" onto public java.lang.String big.ac.cn.web.controller.IndexController.chr(org.springframework.ui.Model)
2019-12-11 11:47:22.023 [restartedMain] INFO  o.s.w.s.m.m.a.RequestMappingHandlerMapping - Mapped "{[/documentation]}" onto public java.lang.String big.ac.cn.web.controller.IndexController.documents(org.springframework.ui.Model)
2019-12-11 11:47:22.023 [restartedMain] INFO  o.s.w.s.m.m.a.RequestMappingHandlerMapping - Mapped "{[/submit]}" onto public java.lang.String big.ac.cn.web.controller.IndexController.browse(org.springframework.ui.Model)
2019-12-11 11:47:22.023 [restartedMain] INFO  o.s.w.s.m.m.a.RequestMappingHandlerMapping - Mapped "{[/seecgwas]}" onto public java.lang.String big.ac.cn.web.controller.IndexController.cgwas(org.springframework.ui.Model)
2019-12-11 11:47:22.023 [restartedMain] INFO  o.s.w.s.m.m.a.RequestMappingHandlerMapping - Mapped "{[/demoResults]}" onto public java.lang.String big.ac.cn.web.controller.IndexController.demo(org.springframework.ui.Model)
2019-12-11 11:47:22.023 [restartedMain] INFO  o.s.w.s.m.m.a.RequestMappingHandlerMapping - Mapped "{[/seechrom]}" onto public java.lang.String big.ac.cn.web.controller.IndexController.download(org.springframework.ui.Model)
2019-12-11 11:47:22.024 [restartedMain] INFO  o.s.w.s.m.m.a.RequestMappingHandlerMapping - Mapped "{[/variant],produces=[application/json;charset=UTF-8]}" onto public java.util.List<big.ac.cn.web.entity.VarInfo> big.ac.cn.web.controller.SearchController.select(java.lang.String,java.lang.String)
2019-12-11 11:47:22.024 [restartedMain] INFO  o.s.w.s.m.m.a.RequestMappingHandlerMapping - Mapped "{[/run]}" onto public java.lang.String big.ac.cn.web.controller.UploadController.upload(org.springframework.ui.ModelMap,org.springframework.web.multipart.MultipartFile,java.lang.String)
2019-12-11 11:47:22.026 [restartedMain] INFO  o.s.w.s.m.m.a.RequestMappingHandlerMapping - Mapped "{[/testBean/testDemo]}" onto public java.lang.String big.ac.cn.web.TestBean.TestDemo()
2019-12-11 11:47:22.028 [restartedMain] INFO  o.s.w.s.m.m.a.RequestMappingHandlerMapping - Mapped "{[/error]}" onto public org.springframework.http.ResponseEntity<java.util.Map<java.lang.String, java.lang.Object>> org.springframework.boot.autoconfigure.web.BasicErrorController.error(javax.servlet.http.HttpServletRequest)
2019-12-11 11:47:22.028 [restartedMain] INFO  o.s.w.s.m.m.a.RequestMappingHandlerMapping - Mapped "{[/error],produces=[text/html]}" onto public org.springframework.web.servlet.ModelAndView org.springframework.boot.autoconfigure.web.BasicErrorController.errorHtml(javax.servlet.http.HttpServletRequest,javax.servlet.http.HttpServletResponse)
2019-12-11 11:47:22.047 [restartedMain] INFO  o.s.web.servlet.handler.SimpleUrlHandlerMapping - Mapped URL path [/file/**] onto handler of type [class org.springframework.web.servlet.resource.ResourceHttpRequestHandler]
2019-12-11 11:47:22.047 [restartedMain] INFO  o.s.web.servlet.handler.SimpleUrlHandlerMapping - Mapped URL path [/webjars/**] onto handler of type [class org.springframework.web.servlet.resource.ResourceHttpRequestHandler]
2019-12-11 11:47:22.047 [restartedMain] INFO  o.s.web.servlet.handler.SimpleUrlHandlerMapping - Mapped URL path [/**] onto handler of type [class org.springframework.web.servlet.resource.ResourceHttpRequestHandler]
2019-12-11 11:47:22.071 [restartedMain] INFO  o.s.web.servlet.handler.SimpleUrlHandlerMapping - Mapped URL path [/**/favicon.ico] onto handler of type [class org.springframework.web.servlet.resource.ResourceHttpRequestHandler]
2019-12-11 11:47:22.233 [restartedMain] INFO  o.s.b.d.autoconfigure.OptionalLiveReloadServer - LiveReload server is running on port 35729
2019-12-11 11:47:22.266 [restartedMain] INFO  o.s.jmx.export.annotation.AnnotationMBeanExporter - Registering beans for JMX exposure on startup
2019-12-11 11:47:22.280 [restartedMain] INFO  org.apache.coyote.http11.Http11NioProtocol - Initializing ProtocolHandler ["http-nio-9800"]
2019-12-11 11:47:22.287 [restartedMain] INFO  org.apache.coyote.http11.Http11NioProtocol - Starting ProtocolHandler ["http-nio-9800"]
2019-12-11 11:47:22.302 [restartedMain] INFO  org.apache.tomcat.util.net.NioSelectorPool - Using a shared selector for servlet write/read
2019-12-11 11:47:22.327 [restartedMain] INFO  o.s.b.c.e.tomcat.TomcatEmbeddedServletContainer - Tomcat started on port(s): 9800 (http)
2019-12-11 11:47:22.331 [restartedMain] INFO  big.ac.cn.web.WebApplication - Started WebApplication in 2.497 seconds (JVM running for 3.261)
2019-12-11 11:47:26.963 [http-nio-9800-exec-1] INFO  org.apache.tomcat.util.http.parser.Cookie - A cookie header was received [1556517082] that contained an invalid cookie. That cookie will be ignored.Note: further occurrences of this error will be logged at DEBUG level.
2019-12-11 11:47:26.967 [http-nio-9800-exec-1] INFO  o.a.c.c.C.[Tomcat].[localhost].[/cgwas] - Initializing Spring FrameworkServlet 'dispatcherServlet'
2019-12-11 11:47:26.967 [http-nio-9800-exec-1] INFO  org.springframework.web.servlet.DispatcherServlet - FrameworkServlet 'dispatcherServlet': initialization started
2019-12-11 11:47:26.979 [http-nio-9800-exec-1] INFO  org.springframework.web.servlet.DispatcherServlet - FrameworkServlet 'dispatcherServlet': initialization completed in 12 ms
